<?xml version="1.0" encoding="utf-8"?>
<TestRun id="98cca3b0-a2e8-4deb-8db9-105d21a245db" name="@Ygor-Geurts-MacBook-Pro-N3X27Q9XMT 2025-05-16 19:38:13" xmlns="http://microsoft.com/schemas/VisualStudio/TeamTest/2010">
  <Times creation="2025-05-16T19:38:13.1074390+02:00" queuing="2025-05-16T19:38:13.1074390+02:00" start="2025-05-16T19:38:10.6939870+02:00" finish="2025-05-16T19:38:15.8836930+02:00" />
  <TestSettings name="default" id="848d5522-69fa-45fa-8d82-f9e0e1f28dd4">
    <Deployment runDeploymentRoot="_Ygor-Geurts-MacBook-Pro-N3X27Q9XMT_2025-05-16_19_38_13" />
  </TestSettings>
  <Results>
    <UnitTestResult executionId="ed3368aa-8716-4c74-b754-594065a0735c" testId="9dcf0644-0782-f4f0-9c30-9d2b3c3fe371" testName="TimeVault.Tests.Services.VaultServiceTests.UpdateVaultAsync_ShouldReturnFalse_WhenUserHasNoEditPermission" computerName="Ygor-Geurts-MacBook-Pro-N3X27Q9XMT" duration="00:00:00.0127697" startTime="2025-05-16T19:38:15.1115740+02:00" endTime="2025-05-16T19:38:15.1115740+02:00" testType="13cdc9d9-ddb5-4fa4-a97d-d965ccfc6d4b" outcome="Passed" testListId="8c84fa94-04c1-424b-9868-57a2d4851a1d" relativeResultsDirectory="ed3368aa-8716-4c74-b754-594065a0735c" />
    <UnitTestResult executionId="35b88718-5fcd-489d-82a8-fedee291a2ec" testId="7a940ced-53b8-82ba-3d9e-7de501b89595" testName="TimeVault.Tests.Services.MessageServiceTests.CreateMessageAsync_ShouldReturnNull_WhenUserHasNoAccess" computerName="Ygor-Geurts-MacBook-Pro-N3X27Q9XMT" duration="00:00:00.0264699" startTime="2025-05-16T19:38:14.9844070+02:00" endTime="2025-05-16T19:38:14.9844070+02:00" testType="13cdc9d9-ddb5-4fa4-a97d-d965ccfc6d4b" outcome="Passed" testListId="8c84fa94-04c1-424b-9868-57a2d4851a1d" relativeResultsDirectory="35b88718-5fcd-489d-82a8-fedee291a2ec" />
    <UnitTestResult executionId="a1f2d68a-da10-4ee5-b7c7-fbcc16cd74fe" testId="7a00ed61-1f78-98b0-d896-732d5b8044f6" testName="TimeVault.Tests.Services.DrandServiceTests.DecryptWithTlockAsync_ShouldReturnDecryptedContent_WhenFormatIsValid" computerName="Ygor-Geurts-MacBook-Pro-N3X27Q9XMT" duration="00:00:00.0389295" startTime="2025-05-16T19:38:13.3599530+02:00" endTime="2025-05-16T19:38:13.3599530+02:00" testType="13cdc9d9-ddb5-4fa4-a97d-d965ccfc6d4b" outcome="Passed" testListId="8c84fa94-04c1-424b-9868-57a2d4851a1d" relativeResultsDirectory="a1f2d68a-da10-4ee5-b7c7-fbcc16cd74fe" />
    <UnitTestResult executionId="968c4028-909a-4afc-a9f1-3e294a50f0f9" testId="6554186b-441b-224b-e150-ff9b9455ca75" testName="TimeVault.Tests.Services.AuthServiceTests.LoginAsync_ShouldReturnError_WhenCredentialsAreInvalid" computerName="Ygor-Geurts-MacBook-Pro-N3X27Q9XMT" duration="00:00:00.0079600" startTime="2025-05-16T19:38:15.0653870+02:00" endTime="2025-05-16T19:38:15.0653870+02:00" testType="13cdc9d9-ddb5-4fa4-a97d-d965ccfc6d4b" outcome="Passed" testListId="8c84fa94-04c1-424b-9868-57a2d4851a1d" relativeResultsDirectory="968c4028-909a-4afc-a9f1-3e294a50f0f9" />
    <UnitTestResult executionId="f5aa8e2b-4b33-445e-8a8a-aa9e82e4b3bf" testId="8d9d66c9-ba0f-2ee3-e243-bb665105762f" testName="TimeVault.Tests.Services.VaultSpecificEncryptionTests.KeyVaultService_EncryptAndDecryptVaultPrivateKey_ShouldPreserveOriginalKey" computerName="Ygor-Geurts-MacBook-Pro-N3X27Q9XMT" duration="00:00:00.0320816" startTime="2025-05-16T19:38:13.0826490+02:00" endTime="2025-05-16T19:38:13.0826490+02:00" testType="13cdc9d9-ddb5-4fa4-a97d-d965ccfc6d4b" outcome="Passed" testListId="8c84fa94-04c1-424b-9868-57a2d4851a1d" relativeResultsDirectory="f5aa8e2b-4b33-445e-8a8a-aa9e82e4b3bf" />
    <UnitTestResult executionId="4c9f02a7-e7a1-4cc7-93ac-3f48c2065a9b" testId="c9a7f852-269d-213f-a265-6c0c749db11b" testName="TimeVault.Tests.Services.VaultServiceTests.DeleteVaultAsync_ShouldReturnFalse_WhenUserIsNotOwner" computerName="Ygor-Geurts-MacBook-Pro-N3X27Q9XMT" duration="00:00:00.0066499" startTime="2025-05-16T19:38:14.9674710+02:00" endTime="2025-05-16T19:38:14.9674710+02:00" testType="13cdc9d9-ddb5-4fa4-a97d-d965ccfc6d4b" outcome="Passed" testListId="8c84fa94-04c1-424b-9868-57a2d4851a1d" relativeResultsDirectory="4c9f02a7-e7a1-4cc7-93ac-3f48c2065a9b" />
    <UnitTestResult executionId="403a8cc9-6367-49bf-8377-e5a316132686" testId="af4cbfd9-45ac-c72c-782d-888f14425ae5" testName="TimeVault.Tests.Services.VaultServiceTests.HasVaultAccessAsync_ShouldReturnFalse_WhenUserHasNoAccess" computerName="Ygor-Geurts-MacBook-Pro-N3X27Q9XMT" duration="00:00:00.0086297" startTime="2025-05-16T19:38:15.0219060+02:00" endTime="2025-05-16T19:38:15.0219060+02:00" testType="13cdc9d9-ddb5-4fa4-a97d-d965ccfc6d4b" outcome="Passed" testListId="8c84fa94-04c1-424b-9868-57a2d4851a1d" relativeResultsDirectory="403a8cc9-6367-49bf-8377-e5a316132686" />
    <UnitTestResult executionId="a07e24e0-42ad-41ab-86bf-1dfb1adb2641" testId="9719343b-74ba-5768-7048-cc4c8c921b82" testName="TimeVault.Tests.Features.Auth.RegisterEndpointTests.Register_ShouldReturn200_WithValidRequestData" computerName="Ygor-Geurts-MacBook-Pro-N3X27Q9XMT" duration="00:00:03.2855756" startTime="2025-05-16T19:38:15.2742020+02:00" endTime="2025-05-16T19:38:15.2742030+02:00" testType="13cdc9d9-ddb5-4fa4-a97d-d965ccfc6d4b" outcome="Passed" testListId="8c84fa94-04c1-424b-9868-57a2d4851a1d" relativeResultsDirectory="a07e24e0-42ad-41ab-86bf-1dfb1adb2641" />
    <UnitTestResult executionId="d30062de-2fef-44ec-bce6-b8e3fd32d028" testId="06b55307-d658-d447-d769-90028f892101" testName="TimeVault.Tests.Services.VaultServiceTests.GetSharedVaultsAsync_ShouldReturnVaultsSharedWithUser" computerName="Ygor-Geurts-MacBook-Pro-N3X27Q9XMT" duration="00:00:00.0449338" startTime="2025-05-16T19:38:15.1436620+02:00" endTime="2025-05-16T19:38:15.1436630+02:00" testType="13cdc9d9-ddb5-4fa4-a97d-d965ccfc6d4b" outcome="Passed" testListId="8c84fa94-04c1-424b-9868-57a2d4851a1d" relativeResultsDirectory="d30062de-2fef-44ec-bce6-b8e3fd32d028" />
    <UnitTestResult executionId="fd04a7dc-7147-49d5-b5bb-eefbd54daa0d" testId="606a13dc-df03-0464-f073-ffcf7aeac30d" testName="TimeVault.Tests.Infrastructure.Middleware.ExceptionHandlingMiddlewareTests.Middleware_ReturnsUnauthorized_ForUnauthorizedAccessException" computerName="Ygor-Geurts-MacBook-Pro-N3X27Q9XMT" duration="00:00:00.0136391" startTime="2025-05-16T19:38:13.6190800+02:00" endTime="2025-05-16T19:38:13.6190810+02:00" testType="13cdc9d9-ddb5-4fa4-a97d-d965ccfc6d4b" outcome="Passed" testListId="8c84fa94-04c1-424b-9868-57a2d4851a1d" relativeResultsDirectory="fd04a7dc-7147-49d5-b5bb-eefbd54daa0d" />
    <UnitTestResult executionId="04ed90c0-3b77-4159-89fd-a3680f11d22e" testId="f8de55e9-bc1f-01ec-e0e1-3e1cbd6601b1" testName="TimeVault.Tests.Services.VaultServiceTests.UpdateVaultAsync_ShouldUpdateVault_WhenUserHasEditPermission" computerName="Ygor-Geurts-MacBook-Pro-N3X27Q9XMT" duration="00:00:00.0063951" startTime="2025-05-16T19:38:15.1553610+02:00" endTime="2025-05-16T19:38:15.1553620+02:00" testType="13cdc9d9-ddb5-4fa4-a97d-d965ccfc6d4b" outcome="Passed" testListId="8c84fa94-04c1-424b-9868-57a2d4851a1d" relativeResultsDirectory="04ed90c0-3b77-4159-89fd-a3680f11d22e" />
    <UnitTestResult executionId="88edcab4-704b-43e5-aace-2dc9fead1fce" testId="777a795c-d1f5-79f2-ec04-f84415f36073" testName="TimeVault.Tests.Infrastructure.SchemaChangeDetectionTests.GenerateAndVerifySchemaHash" computerName="Ygor-Geurts-MacBook-Pro-N3X27Q9XMT" duration="00:00:01.1188972" startTime="2025-05-16T19:38:14.0857280+02:00" endTime="2025-05-16T19:38:14.0857280+02:00" testType="13cdc9d9-ddb5-4fa4-a97d-d965ccfc6d4b" outcome="Passed" testListId="8c84fa94-04c1-424b-9868-57a2d4851a1d" relativeResultsDirectory="88edcab4-704b-43e5-aace-2dc9fead1fce" />
    <UnitTestResult executionId="5361f942-ccf3-4ad4-bec8-169e385055a3" testId="201e09fd-785a-60c7-5252-3818818635bd" testName="TimeVault.Tests.Services.VaultSpecificEncryptionTests.VaultService_CreateVault_ShouldGenerateUniqueKeyPair" computerName="Ygor-Geurts-MacBook-Pro-N3X27Q9XMT" duration="00:00:00.0549792" startTime="2025-05-16T19:38:13.0800730+02:00" endTime="2025-05-16T19:38:13.0800730+02:00" testType="13cdc9d9-ddb5-4fa4-a97d-d965ccfc6d4b" outcome="Passed" testListId="8c84fa94-04c1-424b-9868-57a2d4851a1d" relativeResultsDirectory="5361f942-ccf3-4ad4-bec8-169e385055a3" />
    <UnitTestResult executionId="e778132f-8abf-468b-8421-3018c2a47094" testId="97335f10-cd96-413d-eb92-6218c1ce8c24" testName="TimeVault.Tests.Features.Vaults.GetVaultTests.Handle_ShouldReturnNull_WhenVaultDoesNotExist" computerName="Ygor-Geurts-MacBook-Pro-N3X27Q9XMT" duration="00:00:00.7106479" startTime="2025-05-16T19:38:12.9314480+02:00" endTime="2025-05-16T19:38:12.9316000+02:00" testType="13cdc9d9-ddb5-4fa4-a97d-d965ccfc6d4b" outcome="Passed" testListId="8c84fa94-04c1-424b-9868-57a2d4851a1d" relativeResultsDirectory="e778132f-8abf-468b-8421-3018c2a47094" />
    <UnitTestResult executionId="a438f9f6-9587-4329-940e-8070021ea254" testId="1fa56727-6720-739a-2a82-1e42e8f4c2c2" testName="TimeVault.Tests.Services.AuthServiceTests.RegisterAsync_ShouldCreateNewUser_WithAllRequiredFields" computerName="Ygor-Geurts-MacBook-Pro-N3X27Q9XMT" duration="00:00:00.3197704" startTime="2025-05-16T19:38:15.0369560+02:00" endTime="2025-05-16T19:38:15.0369560+02:00" testType="13cdc9d9-ddb5-4fa4-a97d-d965ccfc6d4b" outcome="Passed" testListId="8c84fa94-04c1-424b-9868-57a2d4851a1d" relativeResultsDirectory="a438f9f6-9587-4329-940e-8070021ea254" />
    <UnitTestResult executionId="d68462bd-c8f0-4ba0-8a56-c2269789da5f" testId="1ea47433-ac5a-65ac-0557-458df2a6aa67" testName="TimeVault.Tests.Services.MessageServiceTests.MarkMessageAsReadAsync_ShouldReturnFalse_WhenUserHasNoAccess" computerName="Ygor-Geurts-MacBook-Pro-N3X27Q9XMT" duration="00:00:00.0049847" startTime="2025-05-16T19:38:15.3648370+02:00" endTime="2025-05-16T19:38:15.3648370+02:00" testType="13cdc9d9-ddb5-4fa4-a97d-d965ccfc6d4b" outcome="Passed" testListId="8c84fa94-04c1-424b-9868-57a2d4851a1d" relativeResultsDirectory="d68462bd-c8f0-4ba0-8a56-c2269789da5f" />
    <UnitTestResult executionId="ae9ec4a1-eb44-4648-ab03-078c92ba9e05" testId="2b4b2e72-b523-a176-8701-3602c0f7c84a" testName="TimeVault.Tests.Services.AuthServiceTests.RegisterAsync_ShouldReturnError_WhenEmailAlreadyExists" computerName="Ygor-Geurts-MacBook-Pro-N3X27Q9XMT" duration="00:00:00.0049536" startTime="2025-05-16T19:38:15.0705830+02:00" endTime="2025-05-16T19:38:15.0705830+02:00" testType="13cdc9d9-ddb5-4fa4-a97d-d965ccfc6d4b" outcome="Passed" testListId="8c84fa94-04c1-424b-9868-57a2d4851a1d" relativeResultsDirectory="ae9ec4a1-eb44-4648-ab03-078c92ba9e05" />
    <UnitTestResult executionId="71f5b557-73c2-4070-8b2b-2ffb091b38bf" testId="9b466ec6-952c-8554-6627-8886d3726630" testName="TimeVault.Tests.Infrastructure.MigrationTests.DatabaseSchema_HasExpectedTables" computerName="Ygor-Geurts-MacBook-Pro-N3X27Q9XMT" duration="00:00:00.0081014" startTime="2025-05-16T19:38:13.0654750+02:00" endTime="2025-05-16T19:38:13.0654750+02:00" testType="13cdc9d9-ddb5-4fa4-a97d-d965ccfc6d4b" outcome="Passed" testListId="8c84fa94-04c1-424b-9868-57a2d4851a1d" relativeResultsDirectory="71f5b557-73c2-4070-8b2b-2ffb091b38bf" />
    <UnitTestResult executionId="2593263d-6ed8-43fc-8328-4f243edd91de" testId="c5d77b38-81f3-ad86-7d4b-ea22de949461" testName="TimeVault.Tests.Features.Auth.LoginTests.Handle_ShouldReturnSuccessResult_WhenCredentialsAreValid" computerName="Ygor-Geurts-MacBook-Pro-N3X27Q9XMT" duration="00:00:00.7335754" startTime="2025-05-16T19:38:12.9859710+02:00" endTime="2025-05-16T19:38:12.9859710+02:00" testType="13cdc9d9-ddb5-4fa4-a97d-d965ccfc6d4b" outcome="Passed" testListId="8c84fa94-04c1-424b-9868-57a2d4851a1d" relativeResultsDirectory="2593263d-6ed8-43fc-8328-4f243edd91de" />
    <UnitTestResult executionId="d97fe206-7ac7-4387-94d9-c73085071235" testId="f46f3a2f-d62e-c247-0bb6-b592b92e6db1" testName="TimeVault.Tests.Services.DrandServiceTests.EncryptWithTlockAsync_ShouldReturnEncryptedContent" computerName="Ygor-Geurts-MacBook-Pro-N3X27Q9XMT" duration="00:00:00.0520204" startTime="2025-05-16T19:38:13.4283130+02:00" endTime="2025-05-16T19:38:13.4283130+02:00" testType="13cdc9d9-ddb5-4fa4-a97d-d965ccfc6d4b" outcome="Passed" testListId="8c84fa94-04c1-424b-9868-57a2d4851a1d" relativeResultsDirectory="d97fe206-7ac7-4387-94d9-c73085071235" />
    <UnitTestResult executionId="d69a091d-bd21-4c24-8257-ab3f426746bc" testId="c3b50b62-3084-019d-d612-a5b93f45096a" testName="TimeVault.Tests.Infrastructure.SchemaValidationTests.VaultShareEntity_MatchesDatabaseSchema" computerName="Ygor-Geurts-MacBook-Pro-N3X27Q9XMT" duration="00:00:01.5111997" startTime="2025-05-16T19:38:14.1237850+02:00" endTime="2025-05-16T19:38:14.1237850+02:00" testType="13cdc9d9-ddb5-4fa4-a97d-d965ccfc6d4b" outcome="Passed" testListId="8c84fa94-04c1-424b-9868-57a2d4851a1d" relativeResultsDirectory="d69a091d-bd21-4c24-8257-ab3f426746bc" />
    <UnitTestResult executionId="f17cdc70-a3a3-4569-a285-7b1e5f69ea07" testId="ef0ab1eb-3955-25c4-aa8c-93fe35c92108" testName="TimeVault.Tests.Services.DrandServiceTests.GetCurrentRoundAsync_ShouldReturnRound_WhenApiCallSucceeds" computerName="Ygor-Geurts-MacBook-Pro-N3X27Q9XMT" duration="00:00:00.5239392" startTime="2025-05-16T19:38:13.3207170+02:00" endTime="2025-05-16T19:38:13.3207180+02:00" testType="13cdc9d9-ddb5-4fa4-a97d-d965ccfc6d4b" outcome="Passed" testListId="8c84fa94-04c1-424b-9868-57a2d4851a1d" relativeResultsDirectory="f17cdc70-a3a3-4569-a285-7b1e5f69ea07" />
    <UnitTestResult executionId="ee4637f3-abcd-4705-98e5-d9557d3fd9b0" testId="ca99eeca-706a-dd8f-5316-87c323aa20a3" testName="TimeVault.Tests.Services.MessageServiceWithDrandTests.CreateMessageAsync_ShouldUseTlockEncryption_ForAllEncryptedMessages" computerName="Ygor-Geurts-MacBook-Pro-N3X27Q9XMT" duration="00:00:00.0430408" startTime="2025-05-16T19:38:14.8123890+02:00" endTime="2025-05-16T19:38:14.8123900+02:00" testType="13cdc9d9-ddb5-4fa4-a97d-d965ccfc6d4b" outcome="Passed" testListId="8c84fa94-04c1-424b-9868-57a2d4851a1d" relativeResultsDirectory="ee4637f3-abcd-4705-98e5-d9557d3fd9b0" />
    <UnitTestResult executionId="2b93b844-d9b7-497a-864c-d0fb6b6cd0be" testId="4390aea9-90dd-60a8-242f-6b786270bc8b" testName="TimeVault.Tests.Services.MessageServiceTests.CreateMessageAsync_ShouldCreateEncryptedMessage_WhenUnlockTimeProvided" computerName="Ygor-Geurts-MacBook-Pro-N3X27Q9XMT" duration="00:00:00.0063851" startTime="2025-05-16T19:38:14.9329090+02:00" endTime="2025-05-16T19:38:14.9329090+02:00" testType="13cdc9d9-ddb5-4fa4-a97d-d965ccfc6d4b" outcome="Passed" testListId="8c84fa94-04c1-424b-9868-57a2d4851a1d" relativeResultsDirectory="2b93b844-d9b7-497a-864c-d0fb6b6cd0be" />
    <UnitTestResult executionId="50e4a428-ff9a-4980-a3c0-48eb4d4efb1e" testId="1f4b9b80-e7bb-fd9d-5b4a-fb72a92e0760" testName="TimeVault.Tests.Services.VaultServiceTests.GetVaultByIdAsync_ShouldReturnVault_WhenVaultIsSharedWithUser" computerName="Ygor-Geurts-MacBook-Pro-N3X27Q9XMT" duration="00:00:00.0665610" startTime="2025-05-16T19:38:14.9376220+02:00" endTime="2025-05-16T19:38:14.9376220+02:00" testType="13cdc9d9-ddb5-4fa4-a97d-d965ccfc6d4b" outcome="Passed" testListId="8c84fa94-04c1-424b-9868-57a2d4851a1d" relativeResultsDirectory="50e4a428-ff9a-4980-a3c0-48eb4d4efb1e" />
    <UnitTestResult executionId="dc0dcef7-658b-4aa7-af2e-90343cf508e2" testId="afe809ea-45e9-448b-d663-dfb7dcc1b2d5" testName="TimeVault.Tests.Features.Auth.LoginTests.Handle_ShouldReturnFailureResult_WhenCredentialsAreInvalid" computerName="Ygor-Geurts-MacBook-Pro-N3X27Q9XMT" duration="00:00:00.0408295" startTime="2025-05-16T19:38:13.0579550+02:00" endTime="2025-05-16T19:38:13.0579560+02:00" testType="13cdc9d9-ddb5-4fa4-a97d-d965ccfc6d4b" outcome="Passed" testListId="8c84fa94-04c1-424b-9868-57a2d4851a1d" relativeResultsDirectory="dc0dcef7-658b-4aa7-af2e-90343cf508e2" />
    <UnitTestResult executionId="eead9a83-24ef-42ca-af08-467323ec95dc" testId="416dabde-8e0a-a7ad-2d60-4829049c4362" testName="TimeVault.Tests.Features.Vaults.GetVaultTests.Handle_ShouldReturnVault_WhenVaultExists" computerName="Ygor-Geurts-MacBook-Pro-N3X27Q9XMT" duration="00:00:00.2630056" startTime="2025-05-16T19:38:13.0825980+02:00" endTime="2025-05-16T19:38:13.0825980+02:00" testType="13cdc9d9-ddb5-4fa4-a97d-d965ccfc6d4b" outcome="Passed" testListId="8c84fa94-04c1-424b-9868-57a2d4851a1d" relativeResultsDirectory="eead9a83-24ef-42ca-af08-467323ec95dc" />
    <UnitTestResult executionId="5abcdf61-5924-4efe-82c8-c00548480ea0" testId="10dbc65e-8d88-3266-c447-e47714f2bcad" testName="TimeVault.Tests.Services.VaultServiceTests.DeleteVaultAsync_ShouldDeleteVault_WhenUserIsOwner" computerName="Ygor-Geurts-MacBook-Pro-N3X27Q9XMT" duration="00:00:00.0373574" startTime="2025-05-16T19:38:15.0594240+02:00" endTime="2025-05-16T19:38:15.0594240+02:00" testType="13cdc9d9-ddb5-4fa4-a97d-d965ccfc6d4b" outcome="Passed" testListId="8c84fa94-04c1-424b-9868-57a2d4851a1d" relativeResultsDirectory="5abcdf61-5924-4efe-82c8-c00548480ea0" />
    <UnitTestResult executionId="dcfaf7b6-7d70-4bf0-84f4-808ffd29d8f2" testId="6f0f0f05-9ad7-b1a0-2a63-03c1fc49435a" testName="TimeVault.Tests.Services.VaultSpecificEncryptionTests.VaultService_GetVaultPrivateKey_ShouldFailForUnauthorizedUser" computerName="Ygor-Geurts-MacBook-Pro-N3X27Q9XMT" duration="00:00:00.7252513" startTime="2025-05-16T19:38:12.9739960+02:00" endTime="2025-05-16T19:38:12.9740060+02:00" testType="13cdc9d9-ddb5-4fa4-a97d-d965ccfc6d4b" outcome="Passed" testListId="8c84fa94-04c1-424b-9868-57a2d4851a1d" relativeResultsDirectory="dcfaf7b6-7d70-4bf0-84f4-808ffd29d8f2" />
    <UnitTestResult executionId="57be6ddb-9f59-43d9-9821-1a3d5956e40f" testId="02ae5592-99df-35d6-c626-69b64548026d" testName="TimeVault.Tests.Services.MessageServiceTests.GetMessageByIdAsync_ShouldReturnMessage_WhenUserHasAccess" computerName="Ygor-Geurts-MacBook-Pro-N3X27Q9XMT" duration="00:00:00.0070636" startTime="2025-05-16T19:38:14.9577340+02:00" endTime="2025-05-16T19:38:14.9577340+02:00" testType="13cdc9d9-ddb5-4fa4-a97d-d965ccfc6d4b" outcome="Passed" testListId="8c84fa94-04c1-424b-9868-57a2d4851a1d" relativeResultsDirectory="57be6ddb-9f59-43d9-9821-1a3d5956e40f" />
    <UnitTestResult executionId="b2810a65-038b-4f3c-b4d8-dd887150c5b3" testId="5a26af83-e0c0-91fb-e085-36471efa15bc" testName="TimeVault.Tests.Features.Auth.RegisterTests.Handle_ShouldReturnFailureResult_WhenRegistrationFails" computerName="Ygor-Geurts-MacBook-Pro-N3X27Q9XMT" duration="00:00:00.0413183" startTime="2025-05-16T19:38:13.0587560+02:00" endTime="2025-05-16T19:38:13.0587560+02:00" testType="13cdc9d9-ddb5-4fa4-a97d-d965ccfc6d4b" outcome="Passed" testListId="8c84fa94-04c1-424b-9868-57a2d4851a1d" relativeResultsDirectory="b2810a65-038b-4f3c-b4d8-dd887150c5b3" />
    <UnitTestResult executionId="380d3af7-5ebd-449e-958d-29e7d3b09fbc" testId="96935c3b-c012-faab-1a41-1f3eeeed716f" testName="TimeVault.Tests.Services.VaultSpecificEncryptionTests.MultiUserSharedVaultEncryptionTest" computerName="Ygor-Geurts-MacBook-Pro-N3X27Q9XMT" duration="00:00:01.7680702" startTime="2025-05-16T19:38:14.7754100+02:00" endTime="2025-05-16T19:38:14.7754100+02:00" testType="13cdc9d9-ddb5-4fa4-a97d-d965ccfc6d4b" outcome="Passed" testListId="8c84fa94-04c1-424b-9868-57a2d4851a1d" relativeResultsDirectory="380d3af7-5ebd-449e-958d-29e7d3b09fbc" />
    <UnitTestResult executionId="0d95b888-8566-4a5c-b360-1ca0b342926c" testId="09d4577a-2aba-95c0-191e-5a15300144e7" testName="TimeVault.Tests.Services.VaultServiceTests.GetUserVaultsAsync_ShouldReturnUserOwnedVaults" computerName="Ygor-Geurts-MacBook-Pro-N3X27Q9XMT" duration="00:00:00.0249437" startTime="2025-05-16T19:38:15.0130110+02:00" endTime="2025-05-16T19:38:15.0130110+02:00" testType="13cdc9d9-ddb5-4fa4-a97d-d965ccfc6d4b" outcome="Passed" testListId="8c84fa94-04c1-424b-9868-57a2d4851a1d" relativeResultsDirectory="0d95b888-8566-4a5c-b360-1ca0b342926c" />
    <UnitTestResult executionId="57474629-896c-463f-a1a8-a8ebfc8926f0" testId="5325d02c-d78d-595c-a9b0-f48b81e661ba" testName="TimeVault.Tests.Services.MessageServiceTests.GetUnlockedMessagesAsync_ShouldReturnUnlockedMessages" computerName="Ygor-Geurts-MacBook-Pro-N3X27Q9XMT" duration="00:00:00.0586364" startTime="2025-05-16T19:38:15.3193650+02:00" endTime="2025-05-16T19:38:15.3193650+02:00" testType="13cdc9d9-ddb5-4fa4-a97d-d965ccfc6d4b" outcome="Passed" testListId="8c84fa94-04c1-424b-9868-57a2d4851a1d" relativeResultsDirectory="57474629-896c-463f-a1a8-a8ebfc8926f0" />
    <UnitTestResult executionId="73150124-fd4c-4943-8bcd-d1e86e4e4bf3" testId="8d9ac9a5-11e1-e4fd-58c5-f4f437c00147" testName="TimeVault.Tests.Services.VaultServiceTests.GetVaultByIdAsync_ShouldReturnNull_WhenUserHasNoAccess" computerName="Ygor-Geurts-MacBook-Pro-N3X27Q9XMT" duration="00:00:00.0076439" startTime="2025-05-16T19:38:15.1094660+02:00" endTime="2025-05-16T19:38:15.1094660+02:00" testType="13cdc9d9-ddb5-4fa4-a97d-d965ccfc6d4b" outcome="Failed" testListId="8c84fa94-04c1-424b-9868-57a2d4851a1d" relativeResultsDirectory="73150124-fd4c-4943-8bcd-d1e86e4e4bf3">
      <Output>
        <ErrorInfo>
          <Message>System.UnauthorizedAccessException : User does not have access to this vault</Message>
          <StackTrace>   at TimeVault.Infrastructure.Services.VaultService.GetVaultByIdAsync(Guid vaultId, Guid userId) in /Users/ygeurts/Projects/Private/time-vault/backend/TimeVault/src/TimeVault.Infrastructure/Services/VaultService.cs:line 85
   at TimeVault.Tests.Services.VaultServiceTests.GetVaultByIdAsync_ShouldReturnNull_WhenUserHasNoAccess() in /Users/ygeurts/Projects/Private/time-vault/backend/TimeVault/tests/TimeVault.Tests/Services/VaultServiceTests.cs:line 181
--- End of stack trace from previous location ---</StackTrace>
        </ErrorInfo>
      </Output>
    </UnitTestResult>
    <UnitTestResult executionId="aa07f7cd-cf14-4cbf-9ece-0c488b04ddc8" testId="2ad48293-8874-017e-af84-9fb747bd0039" testName="TimeVault.Tests.Services.VaultServiceTests.CreateVaultAsync_ShouldCreateNewVault" computerName="Ygor-Geurts-MacBook-Pro-N3X27Q9XMT" duration="00:00:00.0060235" startTime="2025-05-16T19:38:14.9606080+02:00" endTime="2025-05-16T19:38:14.9606080+02:00" testType="13cdc9d9-ddb5-4fa4-a97d-d965ccfc6d4b" outcome="Passed" testListId="8c84fa94-04c1-424b-9868-57a2d4851a1d" relativeResultsDirectory="aa07f7cd-cf14-4cbf-9ece-0c488b04ddc8" />
    <UnitTestResult executionId="b30ed4c6-1cc3-4bbb-ad73-6570a66a35f1" testId="a54d3ab1-eaa8-02f3-d014-f948e486bc31" testName="TimeVault.Tests.Infrastructure.SchemaValidationTests.MessageEntity_MatchesDatabaseSchema" computerName="Ygor-Geurts-MacBook-Pro-N3X27Q9XMT" duration="00:00:00.0111464" startTime="2025-05-16T19:38:14.1482290+02:00" endTime="2025-05-16T19:38:14.1482290+02:00" testType="13cdc9d9-ddb5-4fa4-a97d-d965ccfc6d4b" outcome="Passed" testListId="8c84fa94-04c1-424b-9868-57a2d4851a1d" relativeResultsDirectory="b30ed4c6-1cc3-4bbb-ad73-6570a66a35f1" />
    <UnitTestResult executionId="9c504975-764a-4a6a-9958-6b62cfe355a5" testId="a7bdaa8b-9560-0848-1599-82e5fc348a05" testName="TimeVault.Tests.Infrastructure.Middleware.ExceptionHandlingMiddlewareTests.Middleware_ReturnsInternalServerError_ForGenericException" computerName="Ygor-Geurts-MacBook-Pro-N3X27Q9XMT" duration="00:00:01.5392787" startTime="2025-05-16T19:38:13.5404660+02:00" endTime="2025-05-16T19:38:13.5404660+02:00" testType="13cdc9d9-ddb5-4fa4-a97d-d965ccfc6d4b" outcome="Passed" testListId="8c84fa94-04c1-424b-9868-57a2d4851a1d" relativeResultsDirectory="9c504975-764a-4a6a-9958-6b62cfe355a5" />
    <UnitTestResult executionId="12286c7d-8496-41d6-b6da-52860a537bd7" testId="d1db17c9-e580-32d9-8070-53961f77cfdf" testName="TimeVault.Tests.Services.MessageServiceTests.GetVaultMessagesAsync_ShouldReturnMessages_WhenUserHasAccess" computerName="Ygor-Geurts-MacBook-Pro-N3X27Q9XMT" duration="00:00:00.0332860" startTime="2025-05-16T19:38:14.8993330+02:00" endTime="2025-05-16T19:38:14.8993330+02:00" testType="13cdc9d9-ddb5-4fa4-a97d-d965ccfc6d4b" outcome="Passed" testListId="8c84fa94-04c1-424b-9868-57a2d4851a1d" relativeResultsDirectory="12286c7d-8496-41d6-b6da-52860a537bd7" />
    <UnitTestResult executionId="440141ce-fcbc-4c03-96d0-28e494908536" testId="c7f8afeb-dc91-4100-accf-cbd9f7c849dd" testName="TimeVault.Tests.Services.MessageServiceTests.UpdateMessageAsync_ShouldUpdateMessage_WhenUserCanEdit" computerName="Ygor-Geurts-MacBook-Pro-N3X27Q9XMT" duration="00:00:00.0050990" startTime="2025-05-16T19:38:15.3701880+02:00" endTime="2025-05-16T19:38:15.3701880+02:00" testType="13cdc9d9-ddb5-4fa4-a97d-d965ccfc6d4b" outcome="Passed" testListId="8c84fa94-04c1-424b-9868-57a2d4851a1d" relativeResultsDirectory="440141ce-fcbc-4c03-96d0-28e494908536" />
    <UnitTestResult executionId="e2a34484-7d04-4a94-868a-bb56c19a330d" testId="639a0f4d-68a8-21ef-8b9c-d755b21c946a" testName="TimeVault.Tests.Features.Auth.RegisterEndpointTests.Register_ShouldReturn400_WithWeakPassword" computerName="Ygor-Geurts-MacBook-Pro-N3X27Q9XMT" duration="00:00:00.1249852" startTime="2025-05-16T19:38:15.5723750+02:00" endTime="2025-05-16T19:38:15.5723760+02:00" testType="13cdc9d9-ddb5-4fa4-a97d-d965ccfc6d4b" outcome="Passed" testListId="8c84fa94-04c1-424b-9868-57a2d4851a1d" relativeResultsDirectory="e2a34484-7d04-4a94-868a-bb56c19a330d" />
    <UnitTestResult executionId="2bc370dc-9971-4e43-94f2-88947367d5c9" testId="1963c5b4-1599-b9ac-b4d8-a3663ed670c9" testName="TimeVault.Tests.Infrastructure.Middleware.ExceptionHandlingMiddlewareTests.InvokeAsync_ShouldProceedNormally_WhenNoExceptionOccurs" computerName="Ygor-Geurts-MacBook-Pro-N3X27Q9XMT" duration="00:00:00.0098817" startTime="2025-05-16T19:38:13.5542010+02:00" endTime="2025-05-16T19:38:13.5542010+02:00" testType="13cdc9d9-ddb5-4fa4-a97d-d965ccfc6d4b" outcome="Passed" testListId="8c84fa94-04c1-424b-9868-57a2d4851a1d" relativeResultsDirectory="2bc370dc-9971-4e43-94f2-88947367d5c9" />
    <UnitTestResult executionId="11d29326-16c1-4452-b533-fbc4ff4b85dc" testId="1825faeb-d131-15b3-413c-6b6783901782" testName="TimeVault.Tests.Services.AuthServiceTests.LoginAsync_ShouldReturnUser_WhenCredentialsAreValid" computerName="Ygor-Geurts-MacBook-Pro-N3X27Q9XMT" duration="00:00:00.0200341" startTime="2025-05-16T19:38:15.0572470+02:00" endTime="2025-05-16T19:38:15.0572470+02:00" testType="13cdc9d9-ddb5-4fa4-a97d-d965ccfc6d4b" outcome="Passed" testListId="8c84fa94-04c1-424b-9868-57a2d4851a1d" relativeResultsDirectory="11d29326-16c1-4452-b533-fbc4ff4b85dc" />
    <UnitTestResult executionId="42dba332-c431-4257-a8b3-e0d82db391e4" testId="13452e9b-ca98-bedf-77c6-0f7b6fdc94be" testName="TimeVault.Tests.Infrastructure.MigrationTests.AllMigrations_CanBeApplied_ToCleanDatabase" computerName="Ygor-Geurts-MacBook-Pro-N3X27Q9XMT" duration="00:00:00.0409367" startTime="2025-05-16T19:38:13.0629310+02:00" endTime="2025-05-16T19:38:13.0629310+02:00" testType="13cdc9d9-ddb5-4fa4-a97d-d965ccfc6d4b" outcome="Passed" testListId="8c84fa94-04c1-424b-9868-57a2d4851a1d" relativeResultsDirectory="42dba332-c431-4257-a8b3-e0d82db391e4" />
    <UnitTestResult executionId="bed9beb4-b0c6-4af1-ad04-c8b9ef1efabb" testId="8dea3712-378c-07c0-9451-faa2607f4e4c" testName="TimeVault.Tests.Services.VaultSpecificEncryptionTests.DrandService_DecryptWithTlockAndVaultKey_ShouldRecoverOriginalContent" computerName="Ygor-Geurts-MacBook-Pro-N3X27Q9XMT" duration="00:00:00.0491539" startTime="2025-05-16T19:38:13.0812310+02:00" endTime="2025-05-16T19:38:13.0812310+02:00" testType="13cdc9d9-ddb5-4fa4-a97d-d965ccfc6d4b" outcome="Passed" testListId="8c84fa94-04c1-424b-9868-57a2d4851a1d" relativeResultsDirectory="bed9beb4-b0c6-4af1-ad04-c8b9ef1efabb" />
    <UnitTestResult executionId="3a200013-444f-4be8-9bb8-330710c081a4" testId="c290309a-69f1-49a1-0ef3-2517778ff217" testName="TimeVault.Tests.Services.VaultServiceTests.HasVaultAccessAsync_ShouldReturnTrue_WhenVaultIsShared" computerName="Ygor-Geurts-MacBook-Pro-N3X27Q9XMT" duration="00:00:00.0166211" startTime="2025-05-16T19:38:14.9543840+02:00" endTime="2025-05-16T19:38:14.9543840+02:00" testType="13cdc9d9-ddb5-4fa4-a97d-d965ccfc6d4b" outcome="Passed" testListId="8c84fa94-04c1-424b-9868-57a2d4851a1d" relativeResultsDirectory="3a200013-444f-4be8-9bb8-330710c081a4" />
    <UnitTestResult executionId="19978616-1a1c-4784-82a6-b1d6efd09a8b" testId="f79bf386-85e6-4821-9048-c1b6166f7695" testName="TimeVault.Tests.Services.DrandServiceTests.IsRoundAvailableAsync_ShouldReturnTrue_WhenRoundIsLessOrEqualToCurrent" computerName="Ygor-Geurts-MacBook-Pro-N3X27Q9XMT" duration="00:00:00.0105565" startTime="2025-05-16T19:38:13.4748900+02:00" endTime="2025-05-16T19:38:13.4748910+02:00" testType="13cdc9d9-ddb5-4fa4-a97d-d965ccfc6d4b" outcome="Passed" testListId="8c84fa94-04c1-424b-9868-57a2d4851a1d" relativeResultsDirectory="19978616-1a1c-4784-82a6-b1d6efd09a8b" />
    <UnitTestResult executionId="2b75377b-3a62-41d2-9cad-b3651726079b" testId="8f9f0d9c-dc65-b994-f8f2-dc187d06dd06" testName="TimeVault.Tests.Services.MessageServiceWithDrandTests.UpdateMessageAsync_ShouldUseTlockEncryption_ForAllEncryptedMessages" computerName="Ygor-Geurts-MacBook-Pro-N3X27Q9XMT" duration="00:00:02.7806426" startTime="2025-05-16T19:38:14.7691850+02:00" endTime="2025-05-16T19:38:14.7691850+02:00" testType="13cdc9d9-ddb5-4fa4-a97d-d965ccfc6d4b" outcome="Passed" testListId="8c84fa94-04c1-424b-9868-57a2d4851a1d" relativeResultsDirectory="2b75377b-3a62-41d2-9cad-b3651726079b" />
    <UnitTestResult executionId="0433b439-c00a-4f8e-aa3a-d7b779c6ed5a" testId="113a94b7-8744-e7bb-1e1e-c987fefff69a" testName="TimeVault.Tests.Services.DrandServiceTests.EncryptWithTlockAsync_ShouldCreateEncryptedFormat_WhenUsingRealImplementation" computerName="Ygor-Geurts-MacBook-Pro-N3X27Q9XMT" duration="00:00:00.0086998" startTime="2025-05-16T19:38:13.4838310+02:00" endTime="2025-05-16T19:38:13.4838310+02:00" testType="13cdc9d9-ddb5-4fa4-a97d-d965ccfc6d4b" outcome="Passed" testListId="8c84fa94-04c1-424b-9868-57a2d4851a1d" relativeResultsDirectory="0433b439-c00a-4f8e-aa3a-d7b779c6ed5a" />
    <UnitTestResult executionId="1e0ae418-fdb2-46c0-b365-6207492718fb" testId="d3d1b92c-0288-d642-045e-238aaa38299e" testName="TimeVault.Tests.Services.MessageServiceWithDrandTests.UnlockMessageAsync_ShouldUseTlockDecryption_ForTlockEncryptedMessages" computerName="Ygor-Geurts-MacBook-Pro-N3X27Q9XMT" duration="00:00:00.0332426" startTime="2025-05-16T19:38:14.8458310+02:00" endTime="2025-05-16T19:38:14.8458320+02:00" testType="13cdc9d9-ddb5-4fa4-a97d-d965ccfc6d4b" outcome="Passed" testListId="8c84fa94-04c1-424b-9868-57a2d4851a1d" relativeResultsDirectory="1e0ae418-fdb2-46c0-b365-6207492718fb" />
    <UnitTestResult executionId="20a6be2b-75e0-4d9e-be12-90d840e7d947" testId="aca5d6b0-dbde-f7d1-5418-ebf3ed89b435" testName="TimeVault.Tests.Infrastructure.Behaviors.ValidationBehaviorTests.Handle_ShouldProceedToNextDelegate_WhenValidationPasses" computerName="Ygor-Geurts-MacBook-Pro-N3X27Q9XMT" duration="00:00:00.0572711" startTime="2025-05-16T19:38:13.1156480+02:00" endTime="2025-05-16T19:38:13.1156490+02:00" testType="13cdc9d9-ddb5-4fa4-a97d-d965ccfc6d4b" outcome="Passed" testListId="8c84fa94-04c1-424b-9868-57a2d4851a1d" relativeResultsDirectory="20a6be2b-75e0-4d9e-be12-90d840e7d947" />
    <UnitTestResult executionId="2fbc02e5-b08c-492b-a426-7d30c6860358" testId="a4f29119-8ad8-750e-d69d-ead89f099763" testName="TimeVault.Tests.Services.VaultServiceTests.HasVaultAccessAsync_ShouldReturnTrue_WhenUserIsOwner" computerName="Ygor-Geurts-MacBook-Pro-N3X27Q9XMT" duration="00:00:00.0045592" startTime="2025-05-16T19:38:15.0641380+02:00" endTime="2025-05-16T19:38:15.0641380+02:00" testType="13cdc9d9-ddb5-4fa4-a97d-d965ccfc6d4b" outcome="Passed" testListId="8c84fa94-04c1-424b-9868-57a2d4851a1d" relativeResultsDirectory="2fbc02e5-b08c-492b-a426-7d30c6860358" />
    <UnitTestResult executionId="17543219-7872-4299-a5c6-3fb8c5abbf5f" testId="6779717b-5109-8ad8-4c32-7031c8a511f9" testName="TimeVault.Tests.Services.AuthServiceTests.CreateAdminUserIfNotExists_ShouldCreateAdminUser_WhenEmailDoesNotExist" computerName="Ygor-Geurts-MacBook-Pro-N3X27Q9XMT" duration="00:00:01.8610957" startTime="2025-05-16T19:38:14.7170070+02:00" endTime="2025-05-16T19:38:14.7170080+02:00" testType="13cdc9d9-ddb5-4fa4-a97d-d965ccfc6d4b" outcome="Passed" testListId="8c84fa94-04c1-424b-9868-57a2d4851a1d" relativeResultsDirectory="17543219-7872-4299-a5c6-3fb8c5abbf5f" />
    <UnitTestResult executionId="92c350c1-a105-4082-9903-93e9ea01af6b" testId="8d7b52a9-5e5d-31fb-c59e-af13e3562b6f" testName="TimeVault.Tests.Services.MessageServiceTests.UnlockMessageAsync_ShouldReturnLockedMessage_WhenTimeHasNotPassed" computerName="Ygor-Geurts-MacBook-Pro-N3X27Q9XMT" duration="00:00:00.0086268" startTime="2025-05-16T19:38:14.8659970+02:00" endTime="2025-05-16T19:38:14.8659970+02:00" testType="13cdc9d9-ddb5-4fa4-a97d-d965ccfc6d4b" outcome="Passed" testListId="8c84fa94-04c1-424b-9868-57a2d4851a1d" relativeResultsDirectory="92c350c1-a105-4082-9903-93e9ea01af6b" />
    <UnitTestResult executionId="908cff2b-bc5b-4143-845b-ff86774a5ff9" testId="b72ffa9e-d640-3515-aa31-80b4ebe08879" testName="TimeVault.Tests.Services.VaultServiceTests.GetVaultByIdAsync_ShouldReturnVault_WhenUserIsOwner" computerName="Ygor-Geurts-MacBook-Pro-N3X27Q9XMT" duration="00:00:00.0049785" startTime="2025-05-16T19:38:15.1488260+02:00" endTime="2025-05-16T19:38:15.1488260+02:00" testType="13cdc9d9-ddb5-4fa4-a97d-d965ccfc6d4b" outcome="Passed" testListId="8c84fa94-04c1-424b-9868-57a2d4851a1d" relativeResultsDirectory="908cff2b-bc5b-4143-845b-ff86774a5ff9" />
    <UnitTestResult executionId="f9cadcef-66ee-4fc2-b0c8-d1375cff2c22" testId="6d2563fc-b0d2-b279-2f97-15b602ba658b" testName="TimeVault.Tests.Services.DrandServiceTests.CalculateRoundForTimeAsync_ShouldReturnFutureRound_WhenUnlockTimeIsInFuture" computerName="Ygor-Geurts-MacBook-Pro-N3X27Q9XMT" duration="00:00:00.0157779" startTime="2025-05-16T19:38:13.3760700+02:00" endTime="2025-05-16T19:38:13.3760710+02:00" testType="13cdc9d9-ddb5-4fa4-a97d-d965ccfc6d4b" outcome="Passed" testListId="8c84fa94-04c1-424b-9868-57a2d4851a1d" relativeResultsDirectory="f9cadcef-66ee-4fc2-b0c8-d1375cff2c22" />
    <UnitTestResult executionId="5a41d023-598d-4558-b79b-6a510e2a4e8b" testId="8e8bb164-1da3-770c-2050-2b874601174d" testName="TimeVault.Tests.Services.MessageServiceTests.GetMessageByIdAsync_ShouldReturnNull_WhenUserHasNoAccess" computerName="Ygor-Geurts-MacBook-Pro-N3X27Q9XMT" duration="00:00:00.0401174" startTime="2025-05-16T19:38:15.3596920+02:00" endTime="2025-05-16T19:38:15.3596920+02:00" testType="13cdc9d9-ddb5-4fa4-a97d-d965ccfc6d4b" outcome="Passed" testListId="8c84fa94-04c1-424b-9868-57a2d4851a1d" relativeResultsDirectory="5a41d023-598d-4558-b79b-6a510e2a4e8b" />
    <UnitTestResult executionId="a89039d4-1b65-4850-8788-6181e36b9da3" testId="215b3b92-9a3e-9fd6-54d0-af4175be059a" testName="TimeVault.Tests.Infrastructure.SchemaValidationTests.UserEntity_MatchesDatabaseSchema" computerName="Ygor-Geurts-MacBook-Pro-N3X27Q9XMT" duration="00:00:00.0128639" startTime="2025-05-16T19:38:14.1368660+02:00" endTime="2025-05-16T19:38:14.1368660+02:00" testType="13cdc9d9-ddb5-4fa4-a97d-d965ccfc6d4b" outcome="Passed" testListId="8c84fa94-04c1-424b-9868-57a2d4851a1d" relativeResultsDirectory="a89039d4-1b65-4850-8788-6181e36b9da3" />
    <UnitTestResult executionId="a5787fab-db9d-4c11-a060-806815123f3f" testId="7ba0cb38-ea6b-cdec-1742-5f7aa245b4c1" testName="TimeVault.Tests.Services.VaultServiceTests.ShareVaultAsync_ShouldShareVault_WhenUserIsOwner" computerName="Ygor-Geurts-MacBook-Pro-N3X27Q9XMT" duration="00:00:01.8435597" startTime="2025-05-16T19:38:14.8383720+02:00" endTime="2025-05-16T19:38:14.8383720+02:00" testType="13cdc9d9-ddb5-4fa4-a97d-d965ccfc6d4b" outcome="Passed" testListId="8c84fa94-04c1-424b-9868-57a2d4851a1d" relativeResultsDirectory="a5787fab-db9d-4c11-a060-806815123f3f" />
    <UnitTestResult executionId="3330d049-216a-4c61-b062-f14e85a15a61" testId="3e8b7de1-cfb4-6627-f455-147314f4f8f8" testName="TimeVault.Tests.Services.VaultServiceTests.ShareVaultAsync_ShouldReturnFalse_WhenUserIsNotOwner" computerName="Ygor-Geurts-MacBook-Pro-N3X27Q9XMT" duration="00:00:00.0042589" startTime="2025-05-16T19:38:15.1597640+02:00" endTime="2025-05-16T19:38:15.1597640+02:00" testType="13cdc9d9-ddb5-4fa4-a97d-d965ccfc6d4b" outcome="Passed" testListId="8c84fa94-04c1-424b-9868-57a2d4851a1d" relativeResultsDirectory="3330d049-216a-4c61-b062-f14e85a15a61" />
    <UnitTestResult executionId="c6987e08-deb6-4264-912a-ceda65dd1e97" testId="8ad2079b-a435-09c6-1732-ff490b626aeb" testName="TimeVault.Tests.Services.DrandServiceTests.GetRoundAsync_ShouldReturnRoundInfo_WhenApiCallSucceeds" computerName="Ygor-Geurts-MacBook-Pro-N3X27Q9XMT" duration="00:00:00.0220388" startTime="2025-05-16T19:38:13.4571020+02:00" endTime="2025-05-16T19:38:13.4571020+02:00" testType="13cdc9d9-ddb5-4fa4-a97d-d965ccfc6d4b" outcome="Passed" testListId="8c84fa94-04c1-424b-9868-57a2d4851a1d" relativeResultsDirectory="c6987e08-deb6-4264-912a-ceda65dd1e97" />
    <UnitTestResult executionId="7339881a-0eec-4975-b708-2709ddd4de65" testId="72ffd359-f1da-c8a0-c572-55639a964ed8" testName="TimeVault.Tests.SimpleMessageServiceTest.CreateMessageAsync_ShouldCreateMessage" computerName="Ygor-Geurts-MacBook-Pro-N3X27Q9XMT" duration="00:00:01.7169960" startTime="2025-05-16T19:38:14.5159800+02:00" endTime="2025-05-16T19:38:14.5159800+02:00" testType="13cdc9d9-ddb5-4fa4-a97d-d965ccfc6d4b" outcome="Passed" testListId="8c84fa94-04c1-424b-9868-57a2d4851a1d" relativeResultsDirectory="7339881a-0eec-4975-b708-2709ddd4de65" />
    <UnitTestResult executionId="94644bf1-871f-42d6-b162-c762809cfd4d" testId="a45c5e8b-ea95-f23d-d76d-b1990f67bbb6" testName="TimeVault.Tests.Services.MessageServiceTests.UnlockMessageAsync_ShouldUnlockMessage_WhenTimeHasPassed" computerName="Ygor-Geurts-MacBook-Pro-N3X27Q9XMT" duration="00:00:00.0115260" startTime="2025-05-16T19:38:14.9189420+02:00" endTime="2025-05-16T19:38:14.9189420+02:00" testType="13cdc9d9-ddb5-4fa4-a97d-d965ccfc6d4b" outcome="Passed" testListId="8c84fa94-04c1-424b-9868-57a2d4851a1d" relativeResultsDirectory="94644bf1-871f-42d6-b162-c762809cfd4d" />
    <UnitTestResult executionId="6264efcf-2a6a-407a-84d6-2ff9999239aa" testId="b9ae6aad-c6e3-d7bd-9a32-50cd7f32cac0" testName="TimeVault.Tests.Features.Auth.RegisterEndpointTests.Register_ShouldReturn400_WhenDuplicateEmail" computerName="Ygor-Geurts-MacBook-Pro-N3X27Q9XMT" duration="00:00:00.1236803" startTime="2025-05-16T19:38:15.6963700+02:00" endTime="2025-05-16T19:38:15.6963710+02:00" testType="13cdc9d9-ddb5-4fa4-a97d-d965ccfc6d4b" outcome="Passed" testListId="8c84fa94-04c1-424b-9868-57a2d4851a1d" relativeResultsDirectory="6264efcf-2a6a-407a-84d6-2ff9999239aa" />
    <UnitTestResult executionId="c935c69b-07df-494c-be3c-7364b275da73" testId="596bcad7-47e3-443e-2492-2ef4632b663c" testName="TimeVault.Tests.Infrastructure.Behaviors.ValidationBehaviorTests.Handle_ShouldThrowValidationException_WhenValidationFails" computerName="Ygor-Geurts-MacBook-Pro-N3X27Q9XMT" duration="00:00:01.0534477" startTime="2025-05-16T19:38:13.0826850+02:00" endTime="2025-05-16T19:38:13.0826850+02:00" testType="13cdc9d9-ddb5-4fa4-a97d-d965ccfc6d4b" outcome="Passed" testListId="8c84fa94-04c1-424b-9868-57a2d4851a1d" relativeResultsDirectory="c935c69b-07df-494c-be3c-7364b275da73" />
    <UnitTestResult executionId="90a361f1-1ce4-4dd7-94be-965953c1b21d" testId="5b9dc70b-1c85-5c43-b7a0-2d711831da12" testName="TimeVault.Tests.Features.Messages.GetMessageTests.Handle_ShouldReturnMessage_WhenMessageExists" computerName="Ygor-Geurts-MacBook-Pro-N3X27Q9XMT" duration="00:00:00.7380756" startTime="2025-05-16T19:38:13.0008980+02:00" endTime="2025-05-16T19:38:13.0008990+02:00" testType="13cdc9d9-ddb5-4fa4-a97d-d965ccfc6d4b" outcome="Passed" testListId="8c84fa94-04c1-424b-9868-57a2d4851a1d" relativeResultsDirectory="90a361f1-1ce4-4dd7-94be-965953c1b21d" />
    <UnitTestResult executionId="9d0b03e9-68dd-425c-9f56-0f658a25a35f" testId="49468625-a26a-223f-9050-96c4d77ac19e" testName="TimeVault.Tests.Services.DrandServiceTests.DecryptWithTlockAsync_ShouldDecryptContent_WhenUsingRealImplementation" computerName="Ygor-Geurts-MacBook-Pro-N3X27Q9XMT" duration="00:00:00.0062991" startTime="2025-05-16T19:38:13.4348340+02:00" endTime="2025-05-16T19:38:13.4348340+02:00" testType="13cdc9d9-ddb5-4fa4-a97d-d965ccfc6d4b" outcome="Passed" testListId="8c84fa94-04c1-424b-9868-57a2d4851a1d" relativeResultsDirectory="9d0b03e9-68dd-425c-9f56-0f658a25a35f" />
    <UnitTestResult executionId="b2a4a04d-c59b-47f2-8eda-6d1197487098" testId="2ac40876-94aa-b183-b4ba-0ca8738af109" testName="TimeVault.Tests.Services.MessageServiceTests.DeleteMessageAsync_ShouldDeleteMessage_WhenUserCanEdit" computerName="Ygor-Geurts-MacBook-Pro-N3X27Q9XMT" duration="00:00:00.0930061" startTime="2025-05-16T19:38:14.8569990+02:00" endTime="2025-05-16T19:38:14.8569990+02:00" testType="13cdc9d9-ddb5-4fa4-a97d-d965ccfc6d4b" outcome="Passed" testListId="8c84fa94-04c1-424b-9868-57a2d4851a1d" relativeResultsDirectory="b2a4a04d-c59b-47f2-8eda-6d1197487098" />
    <UnitTestResult executionId="c051e11e-f6b7-404a-be8b-3bf350ea5abe" testId="bb007ece-5452-468e-3b6f-21303506d2d6" testName="TimeVault.Tests.Infrastructure.Middleware.ExceptionHandlingMiddlewareTests.Middleware_ReturnsNotFound_ForKeyNotFoundException" computerName="Ygor-Geurts-MacBook-Pro-N3X27Q9XMT" duration="00:00:00.0096838" startTime="2025-05-16T19:38:13.6476940+02:00" endTime="2025-05-16T19:38:13.6476940+02:00" testType="13cdc9d9-ddb5-4fa4-a97d-d965ccfc6d4b" outcome="Passed" testListId="8c84fa94-04c1-424b-9868-57a2d4851a1d" relativeResultsDirectory="c051e11e-f6b7-404a-be8b-3bf350ea5abe" />
    <UnitTestResult executionId="ad274eeb-10d9-4252-9e7a-313d3c1cfd76" testId="95526780-1f91-b3cf-7564-1f1754adae04" testName="TimeVault.Tests.Services.MessageServiceTests.DeleteMessageAsync_ShouldReturnFalse_WhenUserCannotEdit" computerName="Ygor-Geurts-MacBook-Pro-N3X27Q9XMT" duration="00:00:00.0072941" startTime="2025-05-16T19:38:14.9263670+02:00" endTime="2025-05-16T19:38:14.9263670+02:00" testType="13cdc9d9-ddb5-4fa4-a97d-d965ccfc6d4b" outcome="Passed" testListId="8c84fa94-04c1-424b-9868-57a2d4851a1d" relativeResultsDirectory="ad274eeb-10d9-4252-9e7a-313d3c1cfd76" />
    <UnitTestResult executionId="e32c1901-0dc4-4bda-90d2-8468f0ad027b" testId="633aeb2c-671d-00a9-c577-ba1003b58a26" testName="TimeVault.Tests.SimpleMessageServiceTest.CreateMessageAsync_ShouldCreateEncryptedMessage" computerName="Ygor-Geurts-MacBook-Pro-N3X27Q9XMT" duration="00:00:00.0887067" startTime="2025-05-16T19:38:14.6049990+02:00" endTime="2025-05-16T19:38:14.6050000+02:00" testType="13cdc9d9-ddb5-4fa4-a97d-d965ccfc6d4b" outcome="Passed" testListId="8c84fa94-04c1-424b-9868-57a2d4851a1d" relativeResultsDirectory="e32c1901-0dc4-4bda-90d2-8468f0ad027b" />
    <UnitTestResult executionId="7ebe8b12-9bd2-4918-a6a2-ef2dacfb4b64" testId="d466358f-583e-6fa8-e0c8-7a6051de79a9" testName="TimeVault.Tests.Features.Auth.RegisterEndpointTests.Register_ShouldReturn400_WithInvalidEmail" computerName="Ygor-Geurts-MacBook-Pro-N3X27Q9XMT" duration="00:00:00.1725025" startTime="2025-05-16T19:38:15.4471420+02:00" endTime="2025-05-16T19:38:15.4471420+02:00" testType="13cdc9d9-ddb5-4fa4-a97d-d965ccfc6d4b" outcome="Passed" testListId="8c84fa94-04c1-424b-9868-57a2d4851a1d" relativeResultsDirectory="7ebe8b12-9bd2-4918-a6a2-ef2dacfb4b64" />
    <UnitTestResult executionId="90f4d4ca-9abc-4b50-b952-b497ede6891f" testId="21c5f8cf-8353-26df-41d1-c093d5fc5d55" testName="TimeVault.Tests.Services.MessageServiceTests.GetVaultMessagesAsync_ShouldReturnEmptyList_WhenUserHasNoAccess" computerName="Ygor-Geurts-MacBook-Pro-N3X27Q9XMT" duration="00:00:00.0174315" startTime="2025-05-16T19:38:14.9504950+02:00" endTime="2025-05-16T19:38:14.9504950+02:00" testType="13cdc9d9-ddb5-4fa4-a97d-d965ccfc6d4b" outcome="Passed" testListId="8c84fa94-04c1-424b-9868-57a2d4851a1d" relativeResultsDirectory="90f4d4ca-9abc-4b50-b952-b497ede6891f" />
    <UnitTestResult executionId="4f877fe2-f04c-41fa-ae93-fc03b196c659" testId="f6cb1f9c-eaca-8afd-3bdf-05467eaa6ece" testName="TimeVault.Tests.Services.MessageServiceTests.GetMessageByIdAsync_ShouldDecryptMessage_WhenUnlockTimeHasPassed" computerName="Ygor-Geurts-MacBook-Pro-N3X27Q9XMT" duration="00:00:00.2662965" startTime="2025-05-16T19:38:15.2563880+02:00" endTime="2025-05-16T19:38:15.2563880+02:00" testType="13cdc9d9-ddb5-4fa4-a97d-d965ccfc6d4b" outcome="Failed" testListId="8c84fa94-04c1-424b-9868-57a2d4851a1d" relativeResultsDirectory="4f877fe2-f04c-41fa-ae93-fc03b196c659">
      <Output>
        <ErrorInfo>
          <Message>Expected result.IsEncrypted to be false, but found True.</Message>
          <StackTrace>   at FluentAssertions.Execution.XUnit2TestFramework.Throw(String message)
   at FluentAssertions.Execution.TestFrameworkProvider.Throw(String message)
   at FluentAssertions.Execution.DefaultAssertionStrategy.HandleFailure(String message)
   at FluentAssertions.Execution.AssertionScope.FailWith(Func`1 failReasonFunc)
   at FluentAssertions.Execution.AssertionScope.FailWith(Func`1 failReasonFunc)
   at FluentAssertions.Execution.AssertionScope.FailWith(String message, Object[] args)
   at FluentAssertions.Primitives.BooleanAssertions`1.BeFalse(String because, Object[] becauseArgs)
   at TimeVault.Tests.Services.MessageServiceTests.GetMessageByIdAsync_ShouldDecryptMessage_WhenUnlockTimeHasPassed() in /Users/ygeurts/Projects/Private/time-vault/backend/TimeVault/tests/TimeVault.Tests/Services/MessageServiceTests.cs:line 289
--- End of stack trace from previous location ---</StackTrace>
        </ErrorInfo>
      </Output>
    </UnitTestResult>
    <UnitTestResult executionId="f9dd0f67-fdef-4d67-9749-87bb9225ad18" testId="58ab45d0-1726-378a-9f73-0c809e4d76ec" testName="TimeVault.Tests.Infrastructure.SchemaValidationTests.VaultEntity_MatchesDatabaseSchema" computerName="Ygor-Geurts-MacBook-Pro-N3X27Q9XMT" duration="00:00:00.0068866" startTime="2025-05-16T19:38:14.1553630+02:00" endTime="2025-05-16T19:38:14.1553630+02:00" testType="13cdc9d9-ddb5-4fa4-a97d-d965ccfc6d4b" outcome="Passed" testListId="8c84fa94-04c1-424b-9868-57a2d4851a1d" relativeResultsDirectory="f9dd0f67-fdef-4d67-9749-87bb9225ad18" />
    <UnitTestResult executionId="3864f9d2-fc3a-461d-b95d-c6526aeba06d" testId="2d35b365-b8e7-2859-4047-8ba0edb2e591" testName="TimeVault.Tests.Services.MessageServiceTests.UpdateMessageAsync_ShouldReturnFalse_WhenUserCannotEdit" computerName="Ygor-Geurts-MacBook-Pro-N3X27Q9XMT" duration="00:00:00.0076937" startTime="2025-05-16T19:38:14.9072030+02:00" endTime="2025-05-16T19:38:14.9072030+02:00" testType="13cdc9d9-ddb5-4fa4-a97d-d965ccfc6d4b" outcome="Passed" testListId="8c84fa94-04c1-424b-9868-57a2d4851a1d" relativeResultsDirectory="3864f9d2-fc3a-461d-b95d-c6526aeba06d" />
    <UnitTestResult executionId="5e4e035d-95f1-424e-9f12-45c027c398a9" testId="7b9a4e6d-80b7-4338-891b-17dbb1614caf" testName="TimeVault.Tests.Services.VaultSpecificEncryptionTests.KeyVaultService_GenerateVaultKeyPair_ShouldCreateValidRsaKeyPair" computerName="Ygor-Geurts-MacBook-Pro-N3X27Q9XMT" duration="00:00:00.0425832" startTime="2025-05-16T19:38:13.0824760+02:00" endTime="2025-05-16T19:38:13.0824760+02:00" testType="13cdc9d9-ddb5-4fa4-a97d-d965ccfc6d4b" outcome="Passed" testListId="8c84fa94-04c1-424b-9868-57a2d4851a1d" relativeResultsDirectory="5e4e035d-95f1-424e-9f12-45c027c398a9" />
    <UnitTestResult executionId="4680f463-f728-4a11-b88a-625a2694eafa" testId="caf3a601-719a-cabd-4d9c-ab600da808f1" testName="TimeVault.Tests.Features.Auth.RegisterTests.Handle_ShouldReturnSuccessResult_WhenRegistrationSucceeds" computerName="Ygor-Geurts-MacBook-Pro-N3X27Q9XMT" duration="00:00:00.7353045" startTime="2025-05-16T19:38:12.9866430+02:00" endTime="2025-05-16T19:38:12.9866440+02:00" testType="13cdc9d9-ddb5-4fa4-a97d-d965ccfc6d4b" outcome="Passed" testListId="8c84fa94-04c1-424b-9868-57a2d4851a1d" relativeResultsDirectory="4680f463-f728-4a11-b88a-625a2694eafa" />
    <UnitTestResult executionId="1376cdf5-d163-4434-be8c-6d7d33068fb6" testId="093aaa5c-d400-7977-4666-45d45d5d0814" testName="TimeVault.Tests.Services.DrandServiceTests.GetPublicKeyAsync_ShouldReturnKey_WhenApiCallSucceeds" computerName="Ygor-Geurts-MacBook-Pro-N3X27Q9XMT" duration="00:00:00.0067979" startTime="2025-05-16T19:38:13.4641300+02:00" endTime="2025-05-16T19:38:13.4641310+02:00" testType="13cdc9d9-ddb5-4fa4-a97d-d965ccfc6d4b" outcome="Passed" testListId="8c84fa94-04c1-424b-9868-57a2d4851a1d" relativeResultsDirectory="1376cdf5-d163-4434-be8c-6d7d33068fb6" />
    <UnitTestResult executionId="2be4b687-f93f-4c68-b7c9-b35bec040976" testId="cc867c39-98be-63cc-7738-c2d6a36f39a2" testName="TimeVault.Tests.Services.VaultServiceTests.RevokeVaultShareAsync_ShouldRevokeShare_WhenUserIsOwner" computerName="Ygor-Geurts-MacBook-Pro-N3X27Q9XMT" duration="00:00:00.0202569" startTime="2025-05-16T19:38:14.9879450+02:00" endTime="2025-05-16T19:38:14.9879460+02:00" testType="13cdc9d9-ddb5-4fa4-a97d-d965ccfc6d4b" outcome="Passed" testListId="8c84fa94-04c1-424b-9868-57a2d4851a1d" relativeResultsDirectory="2be4b687-f93f-4c68-b7c9-b35bec040976" />
    <UnitTestResult executionId="563a342b-63b8-449d-89d4-61ddaa372b94" testId="1bf2229a-0331-a200-be6e-336a709b9e2f" testName="TimeVault.Tests.Services.DrandServiceTests.DecryptWithTlockAsync_ShouldHandleOldFormat_ForBackwardCompatibility" computerName="Ygor-Geurts-MacBook-Pro-N3X27Q9XMT" duration="00:00:00.0100903" startTime="2025-05-16T19:38:13.4940580+02:00" endTime="2025-05-16T19:38:13.4940580+02:00" testType="13cdc9d9-ddb5-4fa4-a97d-d965ccfc6d4b" outcome="Passed" testListId="8c84fa94-04c1-424b-9868-57a2d4851a1d" relativeResultsDirectory="563a342b-63b8-449d-89d4-61ddaa372b94" />
    <UnitTestResult executionId="a3439d54-ac0c-46d2-a06e-8fa19b84ae68" testId="d3517946-6aa3-b905-3044-c320ba1f7979" testName="TimeVault.Tests.Infrastructure.Middleware.ExceptionHandlingMiddlewareTests.InvokeAsync_ShouldReturnInternalServerError_WhenUnhandledExceptionOccurs" computerName="Ygor-Geurts-MacBook-Pro-N3X27Q9XMT" duration="00:00:00.0043028" startTime="2025-05-16T19:38:13.6527520+02:00" endTime="2025-05-16T19:38:13.6527520+02:00" testType="13cdc9d9-ddb5-4fa4-a97d-d965ccfc6d4b" outcome="Passed" testListId="8c84fa94-04c1-424b-9868-57a2d4851a1d" relativeResultsDirectory="a3439d54-ac0c-46d2-a06e-8fa19b84ae68" />
    <UnitTestResult executionId="b12f2bd2-663a-4af1-ae5f-a9441ebe5637" testId="8b1ea98b-9d8b-1814-ec36-f11378aceb67" testName="TimeVault.Tests.Services.VaultSpecificEncryptionTests.DrandService_EncryptWithTlockAndVaultKey_ShouldCreateValidFormat" computerName="Ygor-Geurts-MacBook-Pro-N3X27Q9XMT" duration="00:00:00.0939556" startTime="2025-05-16T19:38:13.0598080+02:00" endTime="2025-05-16T19:38:13.0598080+02:00" testType="13cdc9d9-ddb5-4fa4-a97d-d965ccfc6d4b" outcome="Passed" testListId="8c84fa94-04c1-424b-9868-57a2d4851a1d" relativeResultsDirectory="b12f2bd2-663a-4af1-ae5f-a9441ebe5637" />
    <UnitTestResult executionId="27eba95d-5a7a-4f65-944a-5b451df750c2" testId="98bb21b6-d107-bc84-c508-46d48c18a81c" testName="TimeVault.Tests.Infrastructure.Middleware.ExceptionHandlingMiddlewareTests.Middleware_ReturnsBadRequest_ForValidationException" computerName="Ygor-Geurts-MacBook-Pro-N3X27Q9XMT" duration="00:00:00.0494544" startTime="2025-05-16T19:38:13.6048690+02:00" endTime="2025-05-16T19:38:13.6048690+02:00" testType="13cdc9d9-ddb5-4fa4-a97d-d965ccfc6d4b" outcome="Passed" testListId="8c84fa94-04c1-424b-9868-57a2d4851a1d" relativeResultsDirectory="27eba95d-5a7a-4f65-944a-5b451df750c2" />
    <UnitTestResult executionId="be9dd21e-f2ef-4b60-b56c-d2e9041a8ae3" testId="2b6d7799-ae7f-38a8-0476-d4b2233f50a6" testName="TimeVault.Tests.Services.VaultServiceTests.UpdateVaultAsync_ShouldUpdateVault_WhenUserIsOwner" computerName="Ygor-Geurts-MacBook-Pro-N3X27Q9XMT" duration="00:00:00.0322389" startTime="2025-05-16T19:38:14.8708580+02:00" endTime="2025-05-16T19:38:14.8708580+02:00" testType="13cdc9d9-ddb5-4fa4-a97d-d965ccfc6d4b" outcome="Passed" testListId="8c84fa94-04c1-424b-9868-57a2d4851a1d" relativeResultsDirectory="be9dd21e-f2ef-4b60-b56c-d2e9041a8ae3" />
    <UnitTestResult executionId="77d68b32-09de-4657-8553-1ef985a7669c" testId="497eeb8b-b668-edd6-e044-039879f36f9d" testName="TimeVault.Tests.Infrastructure.Behaviors.ValidationBehaviorTests.Handle_ShouldValidateWithAllValidators_WhenMultipleValidatorsAreProvided" computerName="Ygor-Geurts-MacBook-Pro-N3X27Q9XMT" duration="00:00:00.0455776" startTime="2025-05-16T19:38:13.1614270+02:00" endTime="2025-05-16T19:38:13.1614270+02:00" testType="13cdc9d9-ddb5-4fa4-a97d-d965ccfc6d4b" outcome="Passed" testListId="8c84fa94-04c1-424b-9868-57a2d4851a1d" relativeResultsDirectory="77d68b32-09de-4657-8553-1ef985a7669c" />
    <UnitTestResult executionId="fd65a2c7-37c4-4159-903d-ea29a9d7bb4b" testId="945fd21d-ef35-7ca6-2a39-70715b69fa82" testName="TimeVault.Tests.Services.MessageServiceTests.CreateMessageAsync_ShouldCreateMessage_WhenUserHasAccess" computerName="Ygor-Geurts-MacBook-Pro-N3X27Q9XMT" duration="00:00:00.0078878" startTime="2025-05-16T19:38:15.2605460+02:00" endTime="2025-05-16T19:38:15.2605460+02:00" testType="13cdc9d9-ddb5-4fa4-a97d-d965ccfc6d4b" outcome="Passed" testListId="8c84fa94-04c1-424b-9868-57a2d4851a1d" relativeResultsDirectory="fd65a2c7-37c4-4159-903d-ea29a9d7bb4b" />
    <UnitTestResult executionId="0309654f-13f1-4445-8968-3b768f373602" testId="734c38ef-40d8-e82d-3b4a-b5ceb5185971" testName="TimeVault.Tests.Infrastructure.Middleware.ExceptionHandlingMiddlewareTests.InvokeAsync_ShouldReturnBadRequest_WhenValidationExceptionOccurs" computerName="Ygor-Geurts-MacBook-Pro-N3X27Q9XMT" duration="00:00:00.0180020" startTime="2025-05-16T19:38:13.6373390+02:00" endTime="2025-05-16T19:38:13.6373400+02:00" testType="13cdc9d9-ddb5-4fa4-a97d-d965ccfc6d4b" outcome="Passed" testListId="8c84fa94-04c1-424b-9868-57a2d4851a1d" relativeResultsDirectory="0309654f-13f1-4445-8968-3b768f373602" />
    <UnitTestResult executionId="7a37cfd1-384f-4c5e-b0ec-27c0177f25ca" testId="c93a5473-6c32-4c86-fde8-ee75c0aac68b" testName="TimeVault.Tests.Features.Messages.GetMessageTests.Handle_ShouldReturnNull_WhenMessageDoesNotExist" computerName="Ygor-Geurts-MacBook-Pro-N3X27Q9XMT" duration="00:00:00.0448017" startTime="2025-05-16T19:38:13.0596000+02:00" endTime="2025-05-16T19:38:13.0596000+02:00" testType="13cdc9d9-ddb5-4fa4-a97d-d965ccfc6d4b" outcome="Passed" testListId="8c84fa94-04c1-424b-9868-57a2d4851a1d" relativeResultsDirectory="7a37cfd1-384f-4c5e-b0ec-27c0177f25ca" />
    <UnitTestResult executionId="b1b8f3e1-97a9-45ce-bce4-ddfa6133c910" testId="2499f710-9d94-dbef-a3d2-1fd4f548b70d" testName="TimeVault.Tests.Services.MessageServiceTests.MarkMessageAsReadAsync_ShouldMarkAsRead_WhenUserHasAccess" computerName="Ygor-Geurts-MacBook-Pro-N3X27Q9XMT" duration="00:00:01.5953980" startTime="2025-05-16T19:38:14.7638220+02:00" endTime="2025-05-16T19:38:14.7638230+02:00" testType="13cdc9d9-ddb5-4fa4-a97d-d965ccfc6d4b" outcome="Passed" testListId="8c84fa94-04c1-424b-9868-57a2d4851a1d" relativeResultsDirectory="b1b8f3e1-97a9-45ce-bce4-ddfa6133c910" />
    <UnitTestResult executionId="8cd5d548-5fc2-4e6d-af1d-7bf1229b8d30" testId="9b94d692-a50e-f621-fbed-e281805be1bf" testName="TimeVault.Tests.Services.VaultSpecificEncryptionTests.EndToEndMultiLayerEncryptionTest" computerName="Ygor-Geurts-MacBook-Pro-N3X27Q9XMT" duration="00:00:00.0549136" startTime="2025-05-16T19:38:14.8305170+02:00" endTime="2025-05-16T19:38:14.8305170+02:00" testType="13cdc9d9-ddb5-4fa4-a97d-d965ccfc6d4b" outcome="Passed" testListId="8c84fa94-04c1-424b-9868-57a2d4851a1d" relativeResultsDirectory="8cd5d548-5fc2-4e6d-af1d-7bf1229b8d30" />
  </Results>
  <TestDefinitions>
    <UnitTest name="TimeVault.Tests.Services.VaultServiceTests.GetVaultByIdAsync_ShouldReturnNull_WhenUserHasNoAccess" storage="/users/ygeurts/projects/private/time-vault/backend/timevault/tests/timevault.tests/bin/debug/net7.0/timevault.tests.dll" id="8d9ac9a5-11e1-e4fd-58c5-f4f437c00147">
      <Execution id="73150124-fd4c-4943-8bcd-d1e86e4e4bf3" />
      <TestMethod codeBase="/Users/ygeurts/Projects/Private/time-vault/backend/TimeVault/tests/TimeVault.Tests/bin/Debug/net7.0/TimeVault.Tests.dll" adapterTypeName="executor://xunit/VsTestRunner2/netcoreapp" className="TimeVault.Tests.Services.VaultServiceTests" name="GetVaultByIdAsync_ShouldReturnNull_WhenUserHasNoAccess" />
    </UnitTest>
    <UnitTest name="TimeVault.Tests.Services.AuthServiceTests.CreateAdminUserIfNotExists_ShouldCreateAdminUser_WhenEmailDoesNotExist" storage="/users/ygeurts/projects/private/time-vault/backend/timevault/tests/timevault.tests/bin/debug/net7.0/timevault.tests.dll" id="6779717b-5109-8ad8-4c32-7031c8a511f9">
      <Execution id="17543219-7872-4299-a5c6-3fb8c5abbf5f" />
      <TestMethod codeBase="/Users/ygeurts/Projects/Private/time-vault/backend/TimeVault/tests/TimeVault.Tests/bin/Debug/net7.0/TimeVault.Tests.dll" adapterTypeName="executor://xunit/VsTestRunner2/netcoreapp" className="TimeVault.Tests.Services.AuthServiceTests" name="CreateAdminUserIfNotExists_ShouldCreateAdminUser_WhenEmailDoesNotExist" />
    </UnitTest>
    <UnitTest name="TimeVault.Tests.Services.VaultServiceTests.DeleteVaultAsync_ShouldDeleteVault_WhenUserIsOwner" storage="/users/ygeurts/projects/private/time-vault/backend/timevault/tests/timevault.tests/bin/debug/net7.0/timevault.tests.dll" id="10dbc65e-8d88-3266-c447-e47714f2bcad">
      <Execution id="5abcdf61-5924-4efe-82c8-c00548480ea0" />
      <TestMethod codeBase="/Users/ygeurts/Projects/Private/time-vault/backend/TimeVault/tests/TimeVault.Tests/bin/Debug/net7.0/TimeVault.Tests.dll" adapterTypeName="executor://xunit/VsTestRunner2/netcoreapp" className="TimeVault.Tests.Services.VaultServiceTests" name="DeleteVaultAsync_ShouldDeleteVault_WhenUserIsOwner" />
    </UnitTest>
    <UnitTest name="TimeVault.Tests.Infrastructure.SchemaValidationTests.VaultEntity_MatchesDatabaseSchema" storage="/users/ygeurts/projects/private/time-vault/backend/timevault/tests/timevault.tests/bin/debug/net7.0/timevault.tests.dll" id="58ab45d0-1726-378a-9f73-0c809e4d76ec">
      <Execution id="f9dd0f67-fdef-4d67-9749-87bb9225ad18" />
      <TestMethod codeBase="/Users/ygeurts/Projects/Private/time-vault/backend/TimeVault/tests/TimeVault.Tests/bin/Debug/net7.0/TimeVault.Tests.dll" adapterTypeName="executor://xunit/VsTestRunner2/netcoreapp" className="TimeVault.Tests.Infrastructure.SchemaValidationTests" name="VaultEntity_MatchesDatabaseSchema" />
    </UnitTest>
    <UnitTest name="TimeVault.Tests.Services.MessageServiceTests.CreateMessageAsync_ShouldReturnNull_WhenUserHasNoAccess" storage="/users/ygeurts/projects/private/time-vault/backend/timevault/tests/timevault.tests/bin/debug/net7.0/timevault.tests.dll" id="7a940ced-53b8-82ba-3d9e-7de501b89595">
      <Execution id="35b88718-5fcd-489d-82a8-fedee291a2ec" />
      <TestMethod codeBase="/Users/ygeurts/Projects/Private/time-vault/backend/TimeVault/tests/TimeVault.Tests/bin/Debug/net7.0/TimeVault.Tests.dll" adapterTypeName="executor://xunit/VsTestRunner2/netcoreapp" className="TimeVault.Tests.Services.MessageServiceTests" name="CreateMessageAsync_ShouldReturnNull_WhenUserHasNoAccess" />
    </UnitTest>
    <UnitTest name="TimeVault.Tests.SimpleMessageServiceTest.CreateMessageAsync_ShouldCreateEncryptedMessage" storage="/users/ygeurts/projects/private/time-vault/backend/timevault/tests/timevault.tests/bin/debug/net7.0/timevault.tests.dll" id="633aeb2c-671d-00a9-c577-ba1003b58a26">
      <Execution id="e32c1901-0dc4-4bda-90d2-8468f0ad027b" />
      <TestMethod codeBase="/Users/ygeurts/Projects/Private/time-vault/backend/TimeVault/tests/TimeVault.Tests/bin/Debug/net7.0/TimeVault.Tests.dll" adapterTypeName="executor://xunit/VsTestRunner2/netcoreapp" className="TimeVault.Tests.SimpleMessageServiceTest" name="CreateMessageAsync_ShouldCreateEncryptedMessage" />
    </UnitTest>
    <UnitTest name="TimeVault.Tests.Services.VaultServiceTests.GetVaultByIdAsync_ShouldReturnVault_WhenVaultIsSharedWithUser" storage="/users/ygeurts/projects/private/time-vault/backend/timevault/tests/timevault.tests/bin/debug/net7.0/timevault.tests.dll" id="1f4b9b80-e7bb-fd9d-5b4a-fb72a92e0760">
      <Execution id="50e4a428-ff9a-4980-a3c0-48eb4d4efb1e" />
      <TestMethod codeBase="/Users/ygeurts/Projects/Private/time-vault/backend/TimeVault/tests/TimeVault.Tests/bin/Debug/net7.0/TimeVault.Tests.dll" adapterTypeName="executor://xunit/VsTestRunner2/netcoreapp" className="TimeVault.Tests.Services.VaultServiceTests" name="GetVaultByIdAsync_ShouldReturnVault_WhenVaultIsSharedWithUser" />
    </UnitTest>
    <UnitTest name="TimeVault.Tests.Services.DrandServiceTests.EncryptWithTlockAsync_ShouldCreateEncryptedFormat_WhenUsingRealImplementation" storage="/users/ygeurts/projects/private/time-vault/backend/timevault/tests/timevault.tests/bin/debug/net7.0/timevault.tests.dll" id="113a94b7-8744-e7bb-1e1e-c987fefff69a">
      <Execution id="0433b439-c00a-4f8e-aa3a-d7b779c6ed5a" />
      <TestMethod codeBase="/Users/ygeurts/Projects/Private/time-vault/backend/TimeVault/tests/TimeVault.Tests/bin/Debug/net7.0/TimeVault.Tests.dll" adapterTypeName="executor://xunit/VsTestRunner2/netcoreapp" className="TimeVault.Tests.Services.DrandServiceTests" name="EncryptWithTlockAsync_ShouldCreateEncryptedFormat_WhenUsingRealImplementation" />
    </UnitTest>
    <UnitTest name="TimeVault.Tests.Services.VaultServiceTests.UpdateVaultAsync_ShouldUpdateVault_WhenUserIsOwner" storage="/users/ygeurts/projects/private/time-vault/backend/timevault/tests/timevault.tests/bin/debug/net7.0/timevault.tests.dll" id="2b6d7799-ae7f-38a8-0476-d4b2233f50a6">
      <Execution id="be9dd21e-f2ef-4b60-b56c-d2e9041a8ae3" />
      <TestMethod codeBase="/Users/ygeurts/Projects/Private/time-vault/backend/TimeVault/tests/TimeVault.Tests/bin/Debug/net7.0/TimeVault.Tests.dll" adapterTypeName="executor://xunit/VsTestRunner2/netcoreapp" className="TimeVault.Tests.Services.VaultServiceTests" name="UpdateVaultAsync_ShouldUpdateVault_WhenUserIsOwner" />
    </UnitTest>
    <UnitTest name="TimeVault.Tests.Features.Auth.LoginTests.Handle_ShouldReturnFailureResult_WhenCredentialsAreInvalid" storage="/users/ygeurts/projects/private/time-vault/backend/timevault/tests/timevault.tests/bin/debug/net7.0/timevault.tests.dll" id="afe809ea-45e9-448b-d663-dfb7dcc1b2d5">
      <Execution id="dc0dcef7-658b-4aa7-af2e-90343cf508e2" />
      <TestMethod codeBase="/Users/ygeurts/Projects/Private/time-vault/backend/TimeVault/tests/TimeVault.Tests/bin/Debug/net7.0/TimeVault.Tests.dll" adapterTypeName="executor://xunit/VsTestRunner2/netcoreapp" className="TimeVault.Tests.Features.Auth.LoginTests" name="Handle_ShouldReturnFailureResult_WhenCredentialsAreInvalid" />
    </UnitTest>
    <UnitTest name="TimeVault.Tests.Services.VaultServiceTests.DeleteVaultAsync_ShouldReturnFalse_WhenUserIsNotOwner" storage="/users/ygeurts/projects/private/time-vault/backend/timevault/tests/timevault.tests/bin/debug/net7.0/timevault.tests.dll" id="c9a7f852-269d-213f-a265-6c0c749db11b">
      <Execution id="4c9f02a7-e7a1-4cc7-93ac-3f48c2065a9b" />
      <TestMethod codeBase="/Users/ygeurts/Projects/Private/time-vault/backend/TimeVault/tests/TimeVault.Tests/bin/Debug/net7.0/TimeVault.Tests.dll" adapterTypeName="executor://xunit/VsTestRunner2/netcoreapp" className="TimeVault.Tests.Services.VaultServiceTests" name="DeleteVaultAsync_ShouldReturnFalse_WhenUserIsNotOwner" />
    </UnitTest>
    <UnitTest name="TimeVault.Tests.Infrastructure.SchemaValidationTests.VaultShareEntity_MatchesDatabaseSchema" storage="/users/ygeurts/projects/private/time-vault/backend/timevault/tests/timevault.tests/bin/debug/net7.0/timevault.tests.dll" id="c3b50b62-3084-019d-d612-a5b93f45096a">
      <Execution id="d69a091d-bd21-4c24-8257-ab3f426746bc" />
      <TestMethod codeBase="/Users/ygeurts/Projects/Private/time-vault/backend/TimeVault/tests/TimeVault.Tests/bin/Debug/net7.0/TimeVault.Tests.dll" adapterTypeName="executor://xunit/VsTestRunner2/netcoreapp" className="TimeVault.Tests.Infrastructure.SchemaValidationTests" name="VaultShareEntity_MatchesDatabaseSchema" />
    </UnitTest>
    <UnitTest name="TimeVault.Tests.Services.VaultServiceTests.UpdateVaultAsync_ShouldUpdateVault_WhenUserHasEditPermission" storage="/users/ygeurts/projects/private/time-vault/backend/timevault/tests/timevault.tests/bin/debug/net7.0/timevault.tests.dll" id="f8de55e9-bc1f-01ec-e0e1-3e1cbd6601b1">
      <Execution id="04ed90c0-3b77-4159-89fd-a3680f11d22e" />
      <TestMethod codeBase="/Users/ygeurts/Projects/Private/time-vault/backend/TimeVault/tests/TimeVault.Tests/bin/Debug/net7.0/TimeVault.Tests.dll" adapterTypeName="executor://xunit/VsTestRunner2/netcoreapp" className="TimeVault.Tests.Services.VaultServiceTests" name="UpdateVaultAsync_ShouldUpdateVault_WhenUserHasEditPermission" />
    </UnitTest>
    <UnitTest name="TimeVault.Tests.Infrastructure.Middleware.ExceptionHandlingMiddlewareTests.Middleware_ReturnsInternalServerError_ForGenericException" storage="/users/ygeurts/projects/private/time-vault/backend/timevault/tests/timevault.tests/bin/debug/net7.0/timevault.tests.dll" id="a7bdaa8b-9560-0848-1599-82e5fc348a05">
      <Execution id="9c504975-764a-4a6a-9958-6b62cfe355a5" />
      <TestMethod codeBase="/Users/ygeurts/Projects/Private/time-vault/backend/TimeVault/tests/TimeVault.Tests/bin/Debug/net7.0/TimeVault.Tests.dll" adapterTypeName="executor://xunit/VsTestRunner2/netcoreapp" className="TimeVault.Tests.Infrastructure.Middleware.ExceptionHandlingMiddlewareTests" name="Middleware_ReturnsInternalServerError_ForGenericException" />
    </UnitTest>
    <UnitTest name="TimeVault.Tests.Services.VaultServiceTests.HasVaultAccessAsync_ShouldReturnFalse_WhenUserHasNoAccess" storage="/users/ygeurts/projects/private/time-vault/backend/timevault/tests/timevault.tests/bin/debug/net7.0/timevault.tests.dll" id="af4cbfd9-45ac-c72c-782d-888f14425ae5">
      <Execution id="403a8cc9-6367-49bf-8377-e5a316132686" />
      <TestMethod codeBase="/Users/ygeurts/Projects/Private/time-vault/backend/TimeVault/tests/TimeVault.Tests/bin/Debug/net7.0/TimeVault.Tests.dll" adapterTypeName="executor://xunit/VsTestRunner2/netcoreapp" className="TimeVault.Tests.Services.VaultServiceTests" name="HasVaultAccessAsync_ShouldReturnFalse_WhenUserHasNoAccess" />
    </UnitTest>
    <UnitTest name="TimeVault.Tests.Features.Auth.RegisterTests.Handle_ShouldReturnFailureResult_WhenRegistrationFails" storage="/users/ygeurts/projects/private/time-vault/backend/timevault/tests/timevault.tests/bin/debug/net7.0/timevault.tests.dll" id="5a26af83-e0c0-91fb-e085-36471efa15bc">
      <Execution id="b2810a65-038b-4f3c-b4d8-dd887150c5b3" />
      <TestMethod codeBase="/Users/ygeurts/Projects/Private/time-vault/backend/TimeVault/tests/TimeVault.Tests/bin/Debug/net7.0/TimeVault.Tests.dll" adapterTypeName="executor://xunit/VsTestRunner2/netcoreapp" className="TimeVault.Tests.Features.Auth.RegisterTests" name="Handle_ShouldReturnFailureResult_WhenRegistrationFails" />
    </UnitTest>
    <UnitTest name="TimeVault.Tests.Features.Auth.LoginTests.Handle_ShouldReturnSuccessResult_WhenCredentialsAreValid" storage="/users/ygeurts/projects/private/time-vault/backend/timevault/tests/timevault.tests/bin/debug/net7.0/timevault.tests.dll" id="c5d77b38-81f3-ad86-7d4b-ea22de949461">
      <Execution id="2593263d-6ed8-43fc-8328-4f243edd91de" />
      <TestMethod codeBase="/Users/ygeurts/Projects/Private/time-vault/backend/TimeVault/tests/TimeVault.Tests/bin/Debug/net7.0/TimeVault.Tests.dll" adapterTypeName="executor://xunit/VsTestRunner2/netcoreapp" className="TimeVault.Tests.Features.Auth.LoginTests" name="Handle_ShouldReturnSuccessResult_WhenCredentialsAreValid" />
    </UnitTest>
    <UnitTest name="TimeVault.Tests.Services.MessageServiceTests.DeleteMessageAsync_ShouldReturnFalse_WhenUserCannotEdit" storage="/users/ygeurts/projects/private/time-vault/backend/timevault/tests/timevault.tests/bin/debug/net7.0/timevault.tests.dll" id="95526780-1f91-b3cf-7564-1f1754adae04">
      <Execution id="ad274eeb-10d9-4252-9e7a-313d3c1cfd76" />
      <TestMethod codeBase="/Users/ygeurts/Projects/Private/time-vault/backend/TimeVault/tests/TimeVault.Tests/bin/Debug/net7.0/TimeVault.Tests.dll" adapterTypeName="executor://xunit/VsTestRunner2/netcoreapp" className="TimeVault.Tests.Services.MessageServiceTests" name="DeleteMessageAsync_ShouldReturnFalse_WhenUserCannotEdit" />
    </UnitTest>
    <UnitTest name="TimeVault.Tests.Services.MessageServiceTests.GetMessageByIdAsync_ShouldReturnNull_WhenUserHasNoAccess" storage="/users/ygeurts/projects/private/time-vault/backend/timevault/tests/timevault.tests/bin/debug/net7.0/timevault.tests.dll" id="8e8bb164-1da3-770c-2050-2b874601174d">
      <Execution id="5a41d023-598d-4558-b79b-6a510e2a4e8b" />
      <TestMethod codeBase="/Users/ygeurts/Projects/Private/time-vault/backend/TimeVault/tests/TimeVault.Tests/bin/Debug/net7.0/TimeVault.Tests.dll" adapterTypeName="executor://xunit/VsTestRunner2/netcoreapp" className="TimeVault.Tests.Services.MessageServiceTests" name="GetMessageByIdAsync_ShouldReturnNull_WhenUserHasNoAccess" />
    </UnitTest>
    <UnitTest name="TimeVault.Tests.Services.MessageServiceTests.MarkMessageAsReadAsync_ShouldReturnFalse_WhenUserHasNoAccess" storage="/users/ygeurts/projects/private/time-vault/backend/timevault/tests/timevault.tests/bin/debug/net7.0/timevault.tests.dll" id="1ea47433-ac5a-65ac-0557-458df2a6aa67">
      <Execution id="d68462bd-c8f0-4ba0-8a56-c2269789da5f" />
      <TestMethod codeBase="/Users/ygeurts/Projects/Private/time-vault/backend/TimeVault/tests/TimeVault.Tests/bin/Debug/net7.0/TimeVault.Tests.dll" adapterTypeName="executor://xunit/VsTestRunner2/netcoreapp" className="TimeVault.Tests.Services.MessageServiceTests" name="MarkMessageAsReadAsync_ShouldReturnFalse_WhenUserHasNoAccess" />
    </UnitTest>
    <UnitTest name="TimeVault.Tests.Infrastructure.Middleware.ExceptionHandlingMiddlewareTests.Middleware_ReturnsUnauthorized_ForUnauthorizedAccessException" storage="/users/ygeurts/projects/private/time-vault/backend/timevault/tests/timevault.tests/bin/debug/net7.0/timevault.tests.dll" id="606a13dc-df03-0464-f073-ffcf7aeac30d">
      <Execution id="fd04a7dc-7147-49d5-b5bb-eefbd54daa0d" />
      <TestMethod codeBase="/Users/ygeurts/Projects/Private/time-vault/backend/TimeVault/tests/TimeVault.Tests/bin/Debug/net7.0/TimeVault.Tests.dll" adapterTypeName="executor://xunit/VsTestRunner2/netcoreapp" className="TimeVault.Tests.Infrastructure.Middleware.ExceptionHandlingMiddlewareTests" name="Middleware_ReturnsUnauthorized_ForUnauthorizedAccessException" />
    </UnitTest>
    <UnitTest name="TimeVault.Tests.Services.MessageServiceTests.UpdateMessageAsync_ShouldReturnFalse_WhenUserCannotEdit" storage="/users/ygeurts/projects/private/time-vault/backend/timevault/tests/timevault.tests/bin/debug/net7.0/timevault.tests.dll" id="2d35b365-b8e7-2859-4047-8ba0edb2e591">
      <Execution id="3864f9d2-fc3a-461d-b95d-c6526aeba06d" />
      <TestMethod codeBase="/Users/ygeurts/Projects/Private/time-vault/backend/TimeVault/tests/TimeVault.Tests/bin/Debug/net7.0/TimeVault.Tests.dll" adapterTypeName="executor://xunit/VsTestRunner2/netcoreapp" className="TimeVault.Tests.Services.MessageServiceTests" name="UpdateMessageAsync_ShouldReturnFalse_WhenUserCannotEdit" />
    </UnitTest>
    <UnitTest name="TimeVault.Tests.Services.MessageServiceTests.CreateMessageAsync_ShouldCreateMessage_WhenUserHasAccess" storage="/users/ygeurts/projects/private/time-vault/backend/timevault/tests/timevault.tests/bin/debug/net7.0/timevault.tests.dll" id="945fd21d-ef35-7ca6-2a39-70715b69fa82">
      <Execution id="fd65a2c7-37c4-4159-903d-ea29a9d7bb4b" />
      <TestMethod codeBase="/Users/ygeurts/Projects/Private/time-vault/backend/TimeVault/tests/TimeVault.Tests/bin/Debug/net7.0/TimeVault.Tests.dll" adapterTypeName="executor://xunit/VsTestRunner2/netcoreapp" className="TimeVault.Tests.Services.MessageServiceTests" name="CreateMessageAsync_ShouldCreateMessage_WhenUserHasAccess" />
    </UnitTest>
    <UnitTest name="TimeVault.Tests.Infrastructure.SchemaValidationTests.UserEntity_MatchesDatabaseSchema" storage="/users/ygeurts/projects/private/time-vault/backend/timevault/tests/timevault.tests/bin/debug/net7.0/timevault.tests.dll" id="215b3b92-9a3e-9fd6-54d0-af4175be059a">
      <Execution id="a89039d4-1b65-4850-8788-6181e36b9da3" />
      <TestMethod codeBase="/Users/ygeurts/Projects/Private/time-vault/backend/TimeVault/tests/TimeVault.Tests/bin/Debug/net7.0/TimeVault.Tests.dll" adapterTypeName="executor://xunit/VsTestRunner2/netcoreapp" className="TimeVault.Tests.Infrastructure.SchemaValidationTests" name="UserEntity_MatchesDatabaseSchema" />
    </UnitTest>
    <UnitTest name="TimeVault.Tests.Services.DrandServiceTests.GetRoundAsync_ShouldReturnRoundInfo_WhenApiCallSucceeds" storage="/users/ygeurts/projects/private/time-vault/backend/timevault/tests/timevault.tests/bin/debug/net7.0/timevault.tests.dll" id="8ad2079b-a435-09c6-1732-ff490b626aeb">
      <Execution id="c6987e08-deb6-4264-912a-ceda65dd1e97" />
      <TestMethod codeBase="/Users/ygeurts/Projects/Private/time-vault/backend/TimeVault/tests/TimeVault.Tests/bin/Debug/net7.0/TimeVault.Tests.dll" adapterTypeName="executor://xunit/VsTestRunner2/netcoreapp" className="TimeVault.Tests.Services.DrandServiceTests" name="GetRoundAsync_ShouldReturnRoundInfo_WhenApiCallSucceeds" />
    </UnitTest>
    <UnitTest name="TimeVault.Tests.Services.DrandServiceTests.CalculateRoundForTimeAsync_ShouldReturnFutureRound_WhenUnlockTimeIsInFuture" storage="/users/ygeurts/projects/private/time-vault/backend/timevault/tests/timevault.tests/bin/debug/net7.0/timevault.tests.dll" id="6d2563fc-b0d2-b279-2f97-15b602ba658b">
      <Execution id="f9cadcef-66ee-4fc2-b0c8-d1375cff2c22" />
      <TestMethod codeBase="/Users/ygeurts/Projects/Private/time-vault/backend/TimeVault/tests/TimeVault.Tests/bin/Debug/net7.0/TimeVault.Tests.dll" adapterTypeName="executor://xunit/VsTestRunner2/netcoreapp" className="TimeVault.Tests.Services.DrandServiceTests" name="CalculateRoundForTimeAsync_ShouldReturnFutureRound_WhenUnlockTimeIsInFuture" />
    </UnitTest>
    <UnitTest name="TimeVault.Tests.Services.VaultSpecificEncryptionTests.MultiUserSharedVaultEncryptionTest" storage="/users/ygeurts/projects/private/time-vault/backend/timevault/tests/timevault.tests/bin/debug/net7.0/timevault.tests.dll" id="96935c3b-c012-faab-1a41-1f3eeeed716f">
      <Execution id="380d3af7-5ebd-449e-958d-29e7d3b09fbc" />
      <TestMethod codeBase="/Users/ygeurts/Projects/Private/time-vault/backend/TimeVault/tests/TimeVault.Tests/bin/Debug/net7.0/TimeVault.Tests.dll" adapterTypeName="executor://xunit/VsTestRunner2/netcoreapp" className="TimeVault.Tests.Services.VaultSpecificEncryptionTests" name="MultiUserSharedVaultEncryptionTest" />
    </UnitTest>
    <UnitTest name="TimeVault.Tests.Services.VaultServiceTests.GetUserVaultsAsync_ShouldReturnUserOwnedVaults" storage="/users/ygeurts/projects/private/time-vault/backend/timevault/tests/timevault.tests/bin/debug/net7.0/timevault.tests.dll" id="09d4577a-2aba-95c0-191e-5a15300144e7">
      <Execution id="0d95b888-8566-4a5c-b360-1ca0b342926c" />
      <TestMethod codeBase="/Users/ygeurts/Projects/Private/time-vault/backend/TimeVault/tests/TimeVault.Tests/bin/Debug/net7.0/TimeVault.Tests.dll" adapterTypeName="executor://xunit/VsTestRunner2/netcoreapp" className="TimeVault.Tests.Services.VaultServiceTests" name="GetUserVaultsAsync_ShouldReturnUserOwnedVaults" />
    </UnitTest>
    <UnitTest name="TimeVault.Tests.Services.VaultSpecificEncryptionTests.VaultService_CreateVault_ShouldGenerateUniqueKeyPair" storage="/users/ygeurts/projects/private/time-vault/backend/timevault/tests/timevault.tests/bin/debug/net7.0/timevault.tests.dll" id="201e09fd-785a-60c7-5252-3818818635bd">
      <Execution id="5361f942-ccf3-4ad4-bec8-169e385055a3" />
      <TestMethod codeBase="/Users/ygeurts/Projects/Private/time-vault/backend/TimeVault/tests/TimeVault.Tests/bin/Debug/net7.0/TimeVault.Tests.dll" adapterTypeName="executor://xunit/VsTestRunner2/netcoreapp" className="TimeVault.Tests.Services.VaultSpecificEncryptionTests" name="VaultService_CreateVault_ShouldGenerateUniqueKeyPair" />
    </UnitTest>
    <UnitTest name="TimeVault.Tests.Services.DrandServiceTests.DecryptWithTlockAsync_ShouldHandleOldFormat_ForBackwardCompatibility" storage="/users/ygeurts/projects/private/time-vault/backend/timevault/tests/timevault.tests/bin/debug/net7.0/timevault.tests.dll" id="1bf2229a-0331-a200-be6e-336a709b9e2f">
      <Execution id="563a342b-63b8-449d-89d4-61ddaa372b94" />
      <TestMethod codeBase="/Users/ygeurts/Projects/Private/time-vault/backend/TimeVault/tests/TimeVault.Tests/bin/Debug/net7.0/TimeVault.Tests.dll" adapterTypeName="executor://xunit/VsTestRunner2/netcoreapp" className="TimeVault.Tests.Services.DrandServiceTests" name="DecryptWithTlockAsync_ShouldHandleOldFormat_ForBackwardCompatibility" />
    </UnitTest>
    <UnitTest name="TimeVault.Tests.Infrastructure.Behaviors.ValidationBehaviorTests.Handle_ShouldProceedToNextDelegate_WhenValidationPasses" storage="/users/ygeurts/projects/private/time-vault/backend/timevault/tests/timevault.tests/bin/debug/net7.0/timevault.tests.dll" id="aca5d6b0-dbde-f7d1-5418-ebf3ed89b435">
      <Execution id="20a6be2b-75e0-4d9e-be12-90d840e7d947" />
      <TestMethod codeBase="/Users/ygeurts/Projects/Private/time-vault/backend/TimeVault/tests/TimeVault.Tests/bin/Debug/net7.0/TimeVault.Tests.dll" adapterTypeName="executor://xunit/VsTestRunner2/netcoreapp" className="TimeVault.Tests.Infrastructure.Behaviors.ValidationBehaviorTests" name="Handle_ShouldProceedToNextDelegate_WhenValidationPasses" />
    </UnitTest>
    <UnitTest name="TimeVault.Tests.Services.VaultServiceTests.HasVaultAccessAsync_ShouldReturnTrue_WhenVaultIsShared" storage="/users/ygeurts/projects/private/time-vault/backend/timevault/tests/timevault.tests/bin/debug/net7.0/timevault.tests.dll" id="c290309a-69f1-49a1-0ef3-2517778ff217">
      <Execution id="3a200013-444f-4be8-9bb8-330710c081a4" />
      <TestMethod codeBase="/Users/ygeurts/Projects/Private/time-vault/backend/TimeVault/tests/TimeVault.Tests/bin/Debug/net7.0/TimeVault.Tests.dll" adapterTypeName="executor://xunit/VsTestRunner2/netcoreapp" className="TimeVault.Tests.Services.VaultServiceTests" name="HasVaultAccessAsync_ShouldReturnTrue_WhenVaultIsShared" />
    </UnitTest>
    <UnitTest name="TimeVault.Tests.Infrastructure.Middleware.ExceptionHandlingMiddlewareTests.Middleware_ReturnsBadRequest_ForValidationException" storage="/users/ygeurts/projects/private/time-vault/backend/timevault/tests/timevault.tests/bin/debug/net7.0/timevault.tests.dll" id="98bb21b6-d107-bc84-c508-46d48c18a81c">
      <Execution id="27eba95d-5a7a-4f65-944a-5b451df750c2" />
      <TestMethod codeBase="/Users/ygeurts/Projects/Private/time-vault/backend/TimeVault/tests/TimeVault.Tests/bin/Debug/net7.0/TimeVault.Tests.dll" adapterTypeName="executor://xunit/VsTestRunner2/netcoreapp" className="TimeVault.Tests.Infrastructure.Middleware.ExceptionHandlingMiddlewareTests" name="Middleware_ReturnsBadRequest_ForValidationException" />
    </UnitTest>
    <UnitTest name="TimeVault.Tests.Features.Auth.RegisterEndpointTests.Register_ShouldReturn400_WhenDuplicateEmail" storage="/users/ygeurts/projects/private/time-vault/backend/timevault/tests/timevault.tests/bin/debug/net7.0/timevault.tests.dll" id="b9ae6aad-c6e3-d7bd-9a32-50cd7f32cac0">
      <Execution id="6264efcf-2a6a-407a-84d6-2ff9999239aa" />
      <TestMethod codeBase="/Users/ygeurts/Projects/Private/time-vault/backend/TimeVault/tests/TimeVault.Tests/bin/Debug/net7.0/TimeVault.Tests.dll" adapterTypeName="executor://xunit/VsTestRunner2/netcoreapp" className="TimeVault.Tests.Features.Auth.RegisterEndpointTests" name="Register_ShouldReturn400_WhenDuplicateEmail" />
    </UnitTest>
    <UnitTest name="TimeVault.Tests.Services.AuthServiceTests.RegisterAsync_ShouldCreateNewUser_WithAllRequiredFields" storage="/users/ygeurts/projects/private/time-vault/backend/timevault/tests/timevault.tests/bin/debug/net7.0/timevault.tests.dll" id="1fa56727-6720-739a-2a82-1e42e8f4c2c2">
      <Execution id="a438f9f6-9587-4329-940e-8070021ea254" />
[...]
      <Execution id="ee4637f3-abcd-4705-98e5-d9557d3fd9b0" />
      <TestMethod codeBase="/Users/ygeurts/Projects/Private/time-vault/backend/TimeVault/tests/TimeVault.Tests/bin/Debug/net7.0/TimeVault.Tests.dll" adapterTypeName="executor://xunit/VsTestRunner2/netcoreapp" className="TimeVault.Tests.Services.MessageServiceWithDrandTests" name="CreateMessageAsync_ShouldUseTlockEncryption_ForAllEncryptedMessages" />
    </UnitTest>
    <UnitTest name="TimeVault.Tests.Infrastructure.Behaviors.ValidationBehaviorTests.Handle_ShouldThrowValidationException_WhenValidationFails" storage="/users/ygeurts/projects/private/time-vault/backend/timevault/tests/timevault.tests/bin/debug/net7.0/timevault.tests.dll" id="596bcad7-47e3-443e-2492-2ef4632b663c">
      <Execution id="c935c69b-07df-494c-be3c-7364b275da73" />
      <TestMethod codeBase="/Users/ygeurts/Projects/Private/time-vault/backend/TimeVault/tests/TimeVault.Tests/bin/Debug/net7.0/TimeVault.Tests.dll" adapterTypeName="executor://xunit/VsTestRunner2/netcoreapp" className="TimeVault.Tests.Infrastructure.Behaviors.ValidationBehaviorTests" name="Handle_ShouldThrowValidationException_WhenValidationFails" />
    </UnitTest>
  </TestDefinitions>
  <TestEntries>
    <TestEntry testId="9dcf0644-0782-f4f0-9c30-9d2b3c3fe371" executionId="ed3368aa-8716-4c74-b754-594065a0735c" testListId="8c84fa94-04c1-424b-9868-57a2d4851a1d" />
    <TestEntry testId="7a940ced-53b8-82ba-3d9e-7de501b89595" executionId="35b88718-5fcd-489d-82a8-fedee291a2ec" testListId="8c84fa94-04c1-424b-9868-57a2d4851a1d" />
    <TestEntry testId="7a00ed61-1f78-98b0-d896-732d5b8044f6" executionId="a1f2d68a-da10-4ee5-b7c7-fbcc16cd74fe" testListId="8c84fa94-04c1-424b-9868-57a2d4851a1d" />
    <TestEntry testId="6554186b-441b-224b-e150-ff9b9455ca75" executionId="968c4028-909a-4afc-a9f1-3e294a50f0f9" testListId="8c84fa94-04c1-424b-9868-57a2d4851a1d" />
    <TestEntry testId="8d9d66c9-ba0f-2ee3-e243-bb665105762f" executionId="f5aa8e2b-4b33-445e-8a8a-aa9e82e4b3bf" testListId="8c84fa94-04c1-424b-9868-57a2d4851a1d" />
    <TestEntry testId="c9a7f852-269d-213f-a265-6c0c749db11b" executionId="4c9f02a7-e7a1-4cc7-93ac-3f48c2065a9b" testListId="8c84fa94-04c1-424b-9868-57a2d4851a1d" />
    <TestEntry testId="af4cbfd9-45ac-c72c-782d-888f14425ae5" executionId="403a8cc9-6367-49bf-8377-e5a316132686" testListId="8c84fa94-04c1-424b-9868-57a2d4851a1d" />
    <TestEntry testId="9719343b-74ba-5768-7048-cc4c8c921b82" executionId="a07e24e0-42ad-41ab-86bf-1dfb1adb2641" testListId="8c84fa94-04c1-424b-9868-57a2d4851a1d" />
    <TestEntry testId="06b55307-d658-d447-d769-90028f892101" executionId="d30062de-2fef-44ec-bce6-b8e3fd32d028" testListId="8c84fa94-04c1-424b-9868-57a2d4851a1d" />
    <TestEntry testId="606a13dc-df03-0464-f073-ffcf7aeac30d" executionId="fd04a7dc-7147-49d5-b5bb-eefbd54daa0d" testListId="8c84fa94-04c1-424b-9868-57a2d4851a1d" />
    <TestEntry testId="f8de55e9-bc1f-01ec-e0e1-3e1cbd6601b1" executionId="04ed90c0-3b77-4159-89fd-a3680f11d22e" testListId="8c84fa94-04c1-424b-9868-57a2d4851a1d" />
    <TestEntry testId="777a795c-d1f5-79f2-ec04-f84415f36073" executionId="88edcab4-704b-43e5-aace-2dc9fead1fce" testListId="8c84fa94-04c1-424b-9868-57a2d4851a1d" />
    <TestEntry testId="201e09fd-785a-60c7-5252-3818818635bd" executionId="5361f942-ccf3-4ad4-bec8-169e385055a3" testListId="8c84fa94-04c1-424b-9868-57a2d4851a1d" />
    <TestEntry testId="97335f10-cd96-413d-eb92-6218c1ce8c24" executionId="e778132f-8abf-468b-8421-3018c2a47094" testListId="8c84fa94-04c1-424b-9868-57a2d4851a1d" />
    <TestEntry testId="1fa56727-6720-739a-2a82-1e42e8f4c2c2" executionId="a438f9f6-9587-4329-940e-8070021ea254" testListId="8c84fa94-04c1-424b-9868-57a2d4851a1d" />
    <TestEntry testId="1ea47433-ac5a-65ac-0557-458df2a6aa67" executionId="d68462bd-c8f0-4ba0-8a56-c2269789da5f" testListId="8c84fa94-04c1-424b-9868-57a2d4851a1d" />
    <TestEntry testId="2b4b2e72-b523-a176-8701-3602c0f7c84a" executionId="ae9ec4a1-eb44-4648-ab03-078c92ba9e05" testListId="8c84fa94-04c1-424b-9868-57a2d4851a1d" />
    <TestEntry testId="9b466ec6-952c-8554-6627-8886d3726630" executionId="71f5b557-73c2-4070-8b2b-2ffb091b38bf" testListId="8c84fa94-04c1-424b-9868-57a2d4851a1d" />
    <TestEntry testId="c5d77b38-81f3-ad86-7d4b-ea22de949461" executionId="2593263d-6ed8-43fc-8328-4f243edd91de" testListId="8c84fa94-04c1-424b-9868-57a2d4851a1d" />
    <TestEntry testId="f46f3a2f-d62e-c247-0bb6-b592b92e6db1" executionId="d97fe206-7ac7-4387-94d9-c73085071235" testListId="8c84fa94-04c1-424b-9868-57a2d4851a1d" />
    <TestEntry testId="c3b50b62-3084-019d-d612-a5b93f45096a" executionId="d69a091d-bd21-4c24-8257-ab3f426746bc" testListId="8c84fa94-04c1-424b-9868-57a2d4851a1d" />
    <TestEntry testId="ef0ab1eb-3955-25c4-aa8c-93fe35c92108" executionId="f17cdc70-a3a3-4569-a285-7b1e5f69ea07" testListId="8c84fa94-04c1-424b-9868-57a2d4851a1d" />
    <TestEntry testId="ca99eeca-706a-dd8f-5316-87c323aa20a3" executionId="ee4637f3-abcd-4705-98e5-d9557d3fd9b0" testListId="8c84fa94-04c1-424b-9868-57a2d4851a1d" />
    <TestEntry testId="4390aea9-90dd-60a8-242f-6b786270bc8b" executionId="2b93b844-d9b7-497a-864c-d0fb6b6cd0be" testListId="8c84fa94-04c1-424b-9868-57a2d4851a1d" />
    <TestEntry testId="1f4b9b80-e7bb-fd9d-5b4a-fb72a92e0760" executionId="50e4a428-ff9a-4980-a3c0-48eb4d4efb1e" testListId="8c84fa94-04c1-424b-9868-57a2d4851a1d" />
    <TestEntry testId="afe809ea-45e9-448b-d663-dfb7dcc1b2d5" executionId="dc0dcef7-658b-4aa7-af2e-90343cf508e2" testListId="8c84fa94-04c1-424b-9868-57a2d4851a1d" />
    <TestEntry testId="416dabde-8e0a-a7ad-2d60-4829049c4362" executionId="eead9a83-24ef-42ca-af08-467323ec95dc" testListId="8c84fa94-04c1-424b-9868-57a2d4851a1d" />
    <TestEntry testId="10dbc65e-8d88-3266-c447-e47714f2bcad" executionId="5abcdf61-5924-4efe-82c8-c00548480ea0" testListId="8c84fa94-04c1-424b-9868-57a2d4851a1d" />
    <TestEntry testId="6f0f0f05-9ad7-b1a0-2a63-03c1fc49435a" executionId="dcfaf7b6-7d70-4bf0-84f4-808ffd29d8f2" testListId="8c84fa94-04c1-424b-9868-57a2d4851a1d" />
    <TestEntry testId="02ae5592-99df-35d6-c626-69b64548026d" executionId="57be6ddb-9f59-43d9-9821-1a3d5956e40f" testListId="8c84fa94-04c1-424b-9868-57a2d4851a1d" />
    <TestEntry testId="5a26af83-e0c0-91fb-e085-36471efa15bc" executionId="b2810a65-038b-4f3c-b4d8-dd887150c5b3" testListId="8c84fa94-04c1-424b-9868-57a2d4851a1d" />
    <TestEntry testId="96935c3b-c012-faab-1a41-1f3eeeed716f" executionId="380d3af7-5ebd-449e-958d-29e7d3b09fbc" testListId="8c84fa94-04c1-424b-9868-57a2d4851a1d" />
    <TestEntry testId="09d4577a-2aba-95c0-191e-5a15300144e7" executionId="0d95b888-8566-4a5c-b360-1ca0b342926c" testListId="8c84fa94-04c1-424b-9868-57a2d4851a1d" />
    <TestEntry testId="5325d02c-d78d-595c-a9b0-f48b81e661ba" executionId="57474629-896c-463f-a1a8-a8ebfc8926f0" testListId="8c84fa94-04c1-424b-9868-57a2d4851a1d" />
    <TestEntry testId="8d9ac9a5-11e1-e4fd-58c5-f4f437c00147" executionId="73150124-fd4c-4943-8bcd-d1e86e4e4bf3" testListId="8c84fa94-04c1-424b-9868-57a2d4851a1d" />
    <TestEntry testId="2ad48293-8874-017e-af84-9fb747bd0039" executionId="aa07f7cd-cf14-4cbf-9ece-0c488b04ddc8" testListId="8c84fa94-04c1-424b-9868-57a2d4851a1d" />
    <TestEntry testId="a54d3ab1-eaa8-02f3-d014-f948e486bc31" executionId="b30ed4c6-1cc3-4bbb-ad73-6570a66a35f1" testListId="8c84fa94-04c1-424b-9868-57a2d4851a1d" />
    <TestEntry testId="a7bdaa8b-9560-0848-1599-82e5fc348a05" executionId="9c504975-764a-4a6a-9958-6b62cfe355a5" testListId="8c84fa94-04c1-424b-9868-57a2d4851a1d" />
    <TestEntry testId="d1db17c9-e580-32d9-8070-53961f77cfdf" executionId="12286c7d-8496-41d6-b6da-52860a537bd7" testListId="8c84fa94-04c1-424b-9868-57a2d4851a1d" />
    <TestEntry testId="c7f8afeb-dc91-4100-accf-cbd9f7c849dd" executionId="440141ce-fcbc-4c03-96d0-28e494908536" testListId="8c84fa94-04c1-424b-9868-57a2d4851a1d" />
    <TestEntry testId="639a0f4d-68a8-21ef-8b9c-d755b21c946a" executionId="e2a34484-7d04-4a94-868a-bb56c19a330d" testListId="8c84fa94-04c1-424b-9868-57a2d4851a1d" />
    <TestEntry testId="1963c5b4-1599-b9ac-b4d8-a3663ed670c9" executionId="2bc370dc-9971-4e43-94f2-88947367d5c9" testListId="8c84fa94-04c1-424b-9868-57a2d4851a1d" />
    <TestEntry testId="1825faeb-d131-15b3-413c-6b6783901782" executionId="11d29326-16c1-4452-b533-fbc4ff4b85dc" testListId="8c84fa94-04c1-424b-9868-57a2d4851a1d" />
    <TestEntry testId="13452e9b-ca98-bedf-77c6-0f7b6fdc94be" executionId="42dba332-c431-4257-a8b3-e0d82db391e4" testListId="8c84fa94-04c1-424b-9868-57a2d4851a1d" />
    <TestEntry testId="8dea3712-378c-07c0-9451-faa2607f4e4c" executionId="bed9beb4-b0c6-4af1-ad04-c8b9ef1efabb" testListId="8c84fa94-04c1-424b-9868-57a2d4851a1d" />
    <TestEntry testId="c290309a-69f1-49a1-0ef3-2517778ff217" executionId="3a200013-444f-4be8-9bb8-330710c081a4" testListId="8c84fa94-04c1-424b-9868-57a2d4851a1d" />
    <TestEntry testId="f79bf386-85e6-4821-9048-c1b6166f7695" executionId="19978616-1a1c-4784-82a6-b1d6efd09a8b" testListId="8c84fa94-04c1-424b-9868-57a2d4851a1d" />
    <TestEntry testId="8f9f0d9c-dc65-b994-f8f2-dc187d06dd06" executionId="2b75377b-3a62-41d2-9cad-b3651726079b" testListId="8c84fa94-04c1-424b-9868-57a2d4851a1d" />
    <TestEntry testId="113a94b7-8744-e7bb-1e1e-c987fefff69a" executionId="0433b439-c00a-4f8e-aa3a-d7b779c6ed5a" testListId="8c84fa94-04c1-424b-9868-57a2d4851a1d" />
    <TestEntry testId="d3d1b92c-0288-d642-045e-238aaa38299e" executionId="1e0ae418-fdb2-46c0-b365-6207492718fb" testListId="8c84fa94-04c1-424b-9868-57a2d4851a1d" />
    <TestEntry testId="aca5d6b0-dbde-f7d1-5418-ebf3ed89b435" executionId="20a6be2b-75e0-4d9e-be12-90d840e7d947" testListId="8c84fa94-04c1-424b-9868-57a2d4851a1d" />
    <TestEntry testId="a4f29119-8ad8-750e-d69d-ead89f099763" executionId="2fbc02e5-b08c-492b-a426-7d30c6860358" testListId="8c84fa94-04c1-424b-9868-57a2d4851a1d" />
    <TestEntry testId="6779717b-5109-8ad8-4c32-7031c8a511f9" executionId="17543219-7872-4299-a5c6-3fb8c5abbf5f" testListId="8c84fa94-04c1-424b-9868-57a2d4851a1d" />
    <TestEntry testId="8d7b52a9-5e5d-31fb-c59e-af13e3562b6f" executionId="92c350c1-a105-4082-9903-93e9ea01af6b" testListId="8c84fa94-04c1-424b-9868-57a2d4851a1d" />
    <TestEntry testId="b72ffa9e-d640-3515-aa31-80b4ebe08879" executionId="908cff2b-bc5b-4143-845b-ff86774a5ff9" testListId="8c84fa94-04c1-424b-9868-57a2d4851a1d" />
    <TestEntry testId="6d2563fc-b0d2-b279-2f97-15b602ba658b" executionId="f9cadcef-66ee-4fc2-b0c8-d1375cff2c22" testListId="8c84fa94-04c1-424b-9868-57a2d4851a1d" />
    <TestEntry testId="8e8bb164-1da3-770c-2050-2b874601174d" executionId="5a41d023-598d-4558-b79b-6a510e2a4e8b" testListId="8c84fa94-04c1-424b-9868-57a2d4851a1d" />
    <TestEntry testId="215b3b92-9a3e-9fd6-54d0-af4175be059a" executionId="a89039d4-1b65-4850-8788-6181e36b9da3" testListId="8c84fa94-04c1-424b-9868-57a2d4851a1d" />
    <TestEntry testId="7ba0cb38-ea6b-cdec-1742-5f7aa245b4c1" executionId="a5787fab-db9d-4c11-a060-806815123f3f" testListId="8c84fa94-04c1-424b-9868-57a2d4851a1d" />
    <TestEntry testId="3e8b7de1-cfb4-6627-f455-147314f4f8f8" executionId="3330d049-216a-4c61-b062-f14e85a15a61" testListId="8c84fa94-04c1-424b-9868-57a2d4851a1d" />
    <TestEntry testId="8ad2079b-a435-09c6-1732-ff490b626aeb" executionId="c6987e08-deb6-4264-912a-ceda65dd1e97" testListId="8c84fa94-04c1-424b-9868-57a2d4851a1d" />
    <TestEntry testId="72ffd359-f1da-c8a0-c572-55639a964ed8" executionId="7339881a-0eec-4975-b708-2709ddd4de65" testListId="8c84fa94-04c1-424b-9868-57a2d4851a1d" />
    <TestEntry testId="a45c5e8b-ea95-f23d-d76d-b1990f67bbb6" executionId="94644bf1-871f-42d6-b162-c762809cfd4d" testListId="8c84fa94-04c1-424b-9868-57a2d4851a1d" />
    <TestEntry testId="b9ae6aad-c6e3-d7bd-9a32-50cd7f32cac0" executionId="6264efcf-2a6a-407a-84d6-2ff9999239aa" testListId="8c84fa94-04c1-424b-9868-57a2d4851a1d" />
    <TestEntry testId="596bcad7-47e3-443e-2492-2ef4632b663c" executionId="c935c69b-07df-494c-be3c-7364b275da73" testListId="8c84fa94-04c1-424b-9868-57a2d4851a1d" />
    <TestEntry testId="5b9dc70b-1c85-5c43-b7a0-2d711831da12" executionId="90a361f1-1ce4-4dd7-94be-965953c1b21d" testListId="8c84fa94-04c1-424b-9868-57a2d4851a1d" />
    <TestEntry testId="49468625-a26a-223f-9050-96c4d77ac19e" executionId="9d0b03e9-68dd-425c-9f56-0f658a25a35f" testListId="8c84fa94-04c1-424b-9868-57a2d4851a1d" />
    <TestEntry testId="2ac40876-94aa-b183-b4ba-0ca8738af109" executionId="b2a4a04d-c59b-47f2-8eda-6d1197487098" testListId="8c84fa94-04c1-424b-9868-57a2d4851a1d" />
    <TestEntry testId="bb007ece-5452-468e-3b6f-21303506d2d6" executionId="c051e11e-f6b7-404a-be8b-3bf350ea5abe" testListId="8c84fa94-04c1-424b-9868-57a2d4851a1d" />
    <TestEntry testId="95526780-1f91-b3cf-7564-1f1754adae04" executionId="ad274eeb-10d9-4252-9e7a-313d3c1cfd76" testListId="8c84fa94-04c1-424b-9868-57a2d4851a1d" />
    <TestEntry testId="633aeb2c-671d-00a9-c577-ba1003b58a26" executionId="e32c1901-0dc4-4bda-90d2-8468f0ad027b" testListId="8c84fa94-04c1-424b-9868-57a2d4851a1d" />
    <TestEntry testId="d466358f-583e-6fa8-e0c8-7a6051de79a9" executionId="7ebe8b12-9bd2-4918-a6a2-ef2dacfb4b64" testListId="8c84fa94-04c1-424b-9868-57a2d4851a1d" />
    <TestEntry testId="21c5f8cf-8353-26df-41d1-c093d5fc5d55" executionId="90f4d4ca-9abc-4b50-b952-b497ede6891f" testListId="8c84fa94-04c1-424b-9868-57a2d4851a1d" />
    <TestEntry testId="f6cb1f9c-eaca-8afd-3bdf-05467eaa6ece" executionId="4f877fe2-f04c-41fa-ae93-fc03b196c659" testListId="8c84fa94-04c1-424b-9868-57a2d4851a1d" />
    <TestEntry testId="58ab45d0-1726-378a-9f73-0c809e4d76ec" executionId="f9dd0f67-fdef-4d67-9749-87bb9225ad18" testListId="8c84fa94-04c1-424b-9868-57a2d4851a1d" />
    <TestEntry testId="2d35b365-b8e7-2859-4047-8ba0edb2e591" executionId="3864f9d2-fc3a-461d-b95d-c6526aeba06d" testListId="8c84fa94-04c1-424b-9868-57a2d4851a1d" />
    <TestEntry testId="7b9a4e6d-80b7-4338-891b-17dbb1614caf" executionId="5e4e035d-95f1-424e-9f12-45c027c398a9" testListId="8c84fa94-04c1-424b-9868-57a2d4851a1d" />
    <TestEntry testId="caf3a601-719a-cabd-4d9c-ab600da808f1" executionId="4680f463-f728-4a11-b88a-625a2694eafa" testListId="8c84fa94-04c1-424b-9868-57a2d4851a1d" />
    <TestEntry testId="093aaa5c-d400-7977-4666-45d45d5d0814" executionId="1376cdf5-d163-4434-be8c-6d7d33068fb6" testListId="8c84fa94-04c1-424b-9868-57a2d4851a1d" />
    <TestEntry testId="cc867c39-98be-63cc-7738-c2d6a36f39a2" executionId="2be4b687-f93f-4c68-b7c9-b35bec040976" testListId="8c84fa94-04c1-424b-9868-57a2d4851a1d" />
    <TestEntry testId="1bf2229a-0331-a200-be6e-336a709b9e2f" executionId="563a342b-63b8-449d-89d4-61ddaa372b94" testListId="8c84fa94-04c1-424b-9868-57a2d4851a1d" />
    <TestEntry testId="d3517946-6aa3-b905-3044-c320ba1f7979" executionId="a3439d54-ac0c-46d2-a06e-8fa19b84ae68" testListId="8c84fa94-04c1-424b-9868-57a2d4851a1d" />
    <TestEntry testId="8b1ea98b-9d8b-1814-ec36-f11378aceb67" executionId="b12f2bd2-663a-4af1-ae5f-a9441ebe5637" testListId="8c84fa94-04c1-424b-9868-57a2d4851a1d" />
    <TestEntry testId="98bb21b6-d107-bc84-c508-46d48c18a81c" executionId="27eba95d-5a7a-4f65-944a-5b451df750c2" testListId="8c84fa94-04c1-424b-9868-57a2d4851a1d" />
    <TestEntry testId="2b6d7799-ae7f-38a8-0476-d4b2233f50a6" executionId="be9dd21e-f2ef-4b60-b56c-d2e9041a8ae3" testListId="8c84fa94-04c1-424b-9868-57a2d4851a1d" />
    <TestEntry testId="497eeb8b-b668-edd6-e044-039879f36f9d" executionId="77d68b32-09de-4657-8553-1ef985a7669c" testListId="8c84fa94-04c1-424b-9868-57a2d4851a1d" />
    <TestEntry testId="945fd21d-ef35-7ca6-2a39-70715b69fa82" executionId="fd65a2c7-37c4-4159-903d-ea29a9d7bb4b" testListId="8c84fa94-04c1-424b-9868-57a2d4851a1d" />
    <TestEntry testId="734c38ef-40d8-e82d-3b4a-b5ceb5185971" executionId="0309654f-13f1-4445-8968-3b768f373602" testListId="8c84fa94-04c1-424b-9868-57a2d4851a1d" />
    <TestEntry testId="c93a5473-6c32-4c86-fde8-ee75c0aac68b" executionId="7a37cfd1-384f-4c5e-b0ec-27c0177f25ca" testListId="8c84fa94-04c1-424b-9868-57a2d4851a1d" />
    <TestEntry testId="2499f710-9d94-dbef-a3d2-1fd4f548b70d" executionId="b1b8f3e1-97a9-45ce-bce4-ddfa6133c910" testListId="8c84fa94-04c1-424b-9868-57a2d4851a1d" />
    <TestEntry testId="9b94d692-a50e-f621-fbed-e281805be1bf" executionId="8cd5d548-5fc2-4e6d-af1d-7bf1229b8d30" testListId="8c84fa94-04c1-424b-9868-57a2d4851a1d" />
  </TestEntries>
  <TestLists>
    <TestList name="Results Not in a List" id="8c84fa94-04c1-424b-9868-57a2d4851a1d" />
    <TestList name="All Loaded Results" id="19431567-8539-422a-85d7-44ee4e166bda" />
  </TestLists>
  <ResultSummary outcome="Failed">
    <Counters total="91" executed="91" passed="89" failed="2" error="0" timeout="0" aborted="0" inconclusive="0" passedButRunAborted="0" notRunnable="0" notExecuted="0" disconnected="0" warning="0" completed="0" inProgress="0" pending="0" />
    <Output>
      <StdOut>[xUnit.net 00:00:00.00] xUnit.net VSTest Adapter v2.5.4.1+b9eacec401 (64-bit .NET 7.0.4)
[xUnit.net 00:00:00.15]   Discovering: TimeVault.Tests
[xUnit.net 00:00:00.25]   Discovered:  TimeVault.Tests
[xUnit.net 00:00:00.26]   Starting:    TimeVault.Tests
[xUnit.net 00:00:03.51]       System.UnauthorizedAccessException : User does not have access to this vault
[xUnit.net 00:00:03.52]       Stack Trace:
[xUnit.net 00:00:03.52]         /Users/ygeurts/Projects/Private/time-vault/backend/TimeVault/src/TimeVault.Infrastructure/Services/VaultService.cs(85,0): at TimeVault.Infrastructure.Services.VaultService.GetVaultByIdAsync(Guid vaultId, Guid userId)
[xUnit.net 00:00:03.52]         /Users/ygeurts/Projects/Private/time-vault/backend/TimeVault/tests/TimeVault.Tests/Services/VaultServiceTests.cs(181,0): at TimeVault.Tests.Services.VaultServiceTests.GetVaultByIdAsync_ShouldReturnNull_WhenUserHasNoAccess()
[xUnit.net 00:00:03.52]         --- End of stack trace from previous location ---
[xUnit.net 00:00:03.67]       Expected result.IsEncrypted to be false, but found True.
[xUnit.net 00:00:03.67]       Stack Trace:
[xUnit.net 00:00:03.67]            at FluentAssertions.Execution.XUnit2TestFramework.Throw(String message)
[xUnit.net 00:00:03.67]            at FluentAssertions.Execution.TestFrameworkProvider.Throw(String message)
[xUnit.net 00:00:03.67]            at FluentAssertions.Execution.DefaultAssertionStrategy.HandleFailure(String message)
[xUnit.net 00:00:03.67]            at FluentAssertions.Execution.AssertionScope.FailWith(Func`1 failReasonFunc)
[xUnit.net 00:00:03.67]            at FluentAssertions.Execution.AssertionScope.FailWith(Func`1 failReasonFunc)
[xUnit.net 00:00:03.67]            at FluentAssertions.Execution.AssertionScope.FailWith(String message, Object[] args)
[xUnit.net 00:00:03.67]            at FluentAssertions.Primitives.BooleanAssertions`1.BeFalse(String because, Object[] becauseArgs)
[xUnit.net 00:00:03.67]         /Users/ygeurts/Projects/Private/time-vault/backend/TimeVault/tests/TimeVault.Tests/Services/MessageServiceTests.cs(289,0): at TimeVault.Tests.Services.MessageServiceTests.GetMessageByIdAsync_ShouldDecryptMessage_WhenUnlockTimeHasPassed()
[xUnit.net 00:00:03.67]         --- End of stack trace from previous location ---
[xUnit.net 00:00:04.13]   Finished:    TimeVault.Tests
</StdOut>
    </Output>
    <RunInfos>
      <RunInfo computerName="Ygor-Geurts-MacBook-Pro-N3X27Q9XMT" outcome="Min" timestamp="2025-05-16T19:38:15.0997720+02:00">
        <Text>[xUnit.net 00:00:03.51]     TimeVault.Tests.Services.VaultServiceTests.GetVaultByIdAsync_ShouldReturnNull_WhenUserHasNoAccess [FAIL]</Text>
      </RunInfo>
      <RunInfo computerName="Ygor-Geurts-MacBook-Pro-N3X27Q9XMT" outcome="Min" timestamp="2025-05-16T19:38:15.2547590+02:00">
        <Text>[xUnit.net 00:00:03.67]     TimeVault.Tests.Services.MessageServiceTests.GetMessageByIdAsync_ShouldDecryptMessage_WhenUnlockTimeHasPassed [FAIL]</Text>
      </RunInfo>
    </RunInfos>
  </ResultSummary>
</TestRun>